Args:
	model: stacked_NN
	optimizer: SGD
	optimizer_args: {}
	hyperoptimizer: RMSProp
	hyperoptimizer_args: {}
	num_hyperoptimizers: 18
	loss_fn: CrossEntropyLoss
	dataset: MNIST
	alpha: 0.0001
	kappa: None
	num_epochs: 10
	batch_size: 1024
	baseline: False
	device: cuda
	Alpha Values: {0: 0.0001, 1: 5e-07, 2: 3.3333333333333335e-07, 3: 2.5e-07, 4: 2.0000000000000002e-07, 5: 1.6666666666666668e-07, 6: 1.4285714285714287e-07, 7: 1.25e-07, 8: 1.1111111111111112e-07, 9: 1.0000000000000001e-07, 10: 9.090909090909091e-08, 11: 8.333333333333334e-08, 12: 7.692307692307692e-08, 13: 7.142857142857144e-08, 14: 6.666666666666667e-08, 15: 6.25e-08, 16: 5.882352941176471e-08, 17: 5.555555555555556e-08, 18: 5.263157894736842e-08}
	Using 4 GPUs

***Beginning Training***
	Epoch[1/10]: Training Loss = 2.30009
	Epoch[2/10]: Training Loss = 2.29868
	Epoch[3/10]: Training Loss = 2.29693
	Epoch[4/10]: Training Loss = 2.29484
	Epoch[5/10]: Training Loss = 2.29240
	Epoch[6/10]: Training Loss = 2.28959
	Epoch[7/10]: Training Loss = 2.28640
	Epoch[8/10]: Training Loss = 2.28282
	Epoch[9/10]: Training Loss = 2.27882
	Epoch[10/10]: Training Loss = 2.27440
***Training Complete***

Final Optimizer Parameters
	alpha : 0.0004815070715267211
	mu : 0.0

***Testing Results***
==============================
Test Accuracy = 22.820 %
Test Error = 77.180 %
==============================

Plotted Lists:
Epochs: [0, 1, 2, 3, 4, 5, 6, 7, 8, 9, 10]
alpha: [9.999999747378752e-05, 0.00013337749987840652, 0.0001651656348258257, 0.00019870152755174786, 0.00023370528651867062, 0.00027048171614296734, 0.00030900712590664625, 0.00034932701964862645, 0.0003915084234904498, 0.00043560302583500743, 0.0004815070715267211]
mu: [0.0, 0.0, 0.0, 0.0, 0.0, 0.0, 0.0, 0.0, 0.0, 0.0, 0.0]
Loss: [0.002262323041756948, 2.300089514541626, 2.2986756046295165, 2.2969297695159914, 2.2948428730010986, 2.2924010219573976, 2.289591421508789, 2.2864003445943197, 2.2828169713338218, 2.278823534520467, 2.2744041858673096]
