Args:
	model: stacked_NN
	optimizer: SGD
	optimizer_args: {}
	hyperoptimizer: RMSProp
	hyperoptimizer_args: {}
	num_hyperoptimizers: 2
	loss_fn: CrossEntropyLoss
	dataset: MNIST
	alpha: 0.0001
	kappa: None
	num_epochs: 10
	batch_size: 1024
	baseline: False
	device: cuda
	Alpha Values: {0: 0.0001, 1: 5e-07, 2: 3.3333333333333335e-07}
	Using 4 GPUs

***Beginning Training***
	Epoch[1/10]: Training Loss = 2.30814
	Epoch[2/10]: Training Loss = 2.30672
	Epoch[3/10]: Training Loss = 2.30497
	Epoch[4/10]: Training Loss = 2.30286
	Epoch[5/10]: Training Loss = 2.30039
	Epoch[6/10]: Training Loss = 2.29754
	Epoch[7/10]: Training Loss = 2.29430
	Epoch[8/10]: Training Loss = 2.29064
	Epoch[9/10]: Training Loss = 2.28654
	Epoch[10/10]: Training Loss = 2.28199
***Training Complete***

Final Optimizer Parameters
	alpha : 0.0004817081498913467
	mu : 0.0

***Testing Results***
==============================
Test Accuracy = 18.060 %
Test Error = 81.940 %
==============================

Plotted Lists:
Epochs: [0, 1, 2, 3, 4, 5, 6, 7, 8, 9, 10]
alpha: [9.999999747378752e-05, 0.00013344251783564687, 0.0001651889324421063, 0.00019870469986926764, 0.0002337894547963515, 0.00027063264860771596, 0.0003091482212767005, 0.00034947675885632634, 0.0003916833666153252, 0.000435863301390782, 0.0004817081498913467]
mu: [0.0, 0.0, 0.0, 0.0, 0.0, 0.0, 0.0, 0.0, 0.0, 0.0, 0.0]
Loss: [0.002270207126935323, 2.308137266159058, 2.3067180510203045, 2.304965019861857, 2.30286133257548, 2.3003932730356853, 2.297543584060669, 2.2942993808746337, 2.2906376403808593, 2.2865425074259442, 2.2819921688079834]
