Args:
	model: stacked_NN
	optimizer: SGD
	optimizer_args: {}
	hyperoptimizer: RMSProp
	hyperoptimizer_args: {}
	num_hyperoptimizers: 12
	loss_fn: CrossEntropyLoss
	dataset: MNIST
	alpha: 0.0001
	kappa: None
	num_epochs: 10
	batch_size: 1024
	baseline: False
	device: cuda
	Alpha Values: {0: 0.0001, 1: 5e-07, 2: 3.3333333333333335e-07, 3: 2.5e-07, 4: 2.0000000000000002e-07, 5: 1.6666666666666668e-07, 6: 1.4285714285714287e-07, 7: 1.25e-07, 8: 1.1111111111111112e-07, 9: 1.0000000000000001e-07, 10: 9.090909090909091e-08, 11: 8.333333333333334e-08, 12: 7.692307692307692e-08}
	Using 4 GPUs

***Beginning Training***
	Epoch[1/10]: Training Loss = 2.29515
	Epoch[2/10]: Training Loss = 2.29377
	Epoch[3/10]: Training Loss = 2.29207
	Epoch[4/10]: Training Loss = 2.29002
	Epoch[5/10]: Training Loss = 2.28762
	Epoch[6/10]: Training Loss = 2.28484
	Epoch[7/10]: Training Loss = 2.28166
	Epoch[8/10]: Training Loss = 2.27807
	Epoch[9/10]: Training Loss = 2.27404
	Epoch[10/10]: Training Loss = 2.26955
***Training Complete***

Final Optimizer Parameters
	alpha : 0.0004815397260244936
	mu : 0.0

***Testing Results***
==============================
Test Accuracy = 20.120 %
Test Error = 79.880 %
==============================

Plotted Lists:
Epochs: [0, 1, 2, 3, 4, 5, 6, 7, 8, 9, 10]
alpha: [9.999999747378752e-05, 0.00013337608834262937, 0.00016518331540282816, 0.0001986330607905984, 0.00023362138017546386, 0.0002704185317270458, 0.00030892176437191665, 0.0003492905816528946, 0.00039145027403719723, 0.0004354981647338718, 0.0004815397260244936]
mu: [0.0, 0.0, 0.0, 0.0, 0.0, 0.0, 0.0, 0.0, 0.0, 0.0, 0.0]
Loss: [0.0022574260711669923, 2.2951512185414633, 2.2937732255299887, 2.292068157704671, 2.2900213943481447, 2.287616747156779, 2.284835789489746, 2.2816615133921307, 2.2780707958221433, 2.274044350306193, 2.269552118174235]
