Args:
	model: stacked_NN
	optimizer: SGD
	optimizer_args: {}
	hyperoptimizer: RMSProp
	hyperoptimizer_args: {}
	num_hyperoptimizers: 16
	loss_fn: CrossEntropyLoss
	dataset: MNIST
	alpha: 0.0001
	kappa: None
	num_epochs: 10
	batch_size: 1024
	baseline: False
	device: cuda
	Alpha Values: {0: 0.0001, 1: 5e-07, 2: 3.3333333333333335e-07, 3: 2.5e-07, 4: 2.0000000000000002e-07, 5: 1.6666666666666668e-07, 6: 1.4285714285714287e-07, 7: 1.25e-07, 8: 1.1111111111111112e-07, 9: 1.0000000000000001e-07, 10: 9.090909090909091e-08, 11: 8.333333333333334e-08, 12: 7.692307692307692e-08, 13: 7.142857142857144e-08, 14: 6.666666666666667e-08, 15: 6.25e-08, 16: 5.882352941176471e-08}
	Using 4 GPUs

***Beginning Training***
	Epoch[1/10]: Training Loss = 2.30705
	Epoch[2/10]: Training Loss = 2.30574
	Epoch[3/10]: Training Loss = 2.30413
	Epoch[4/10]: Training Loss = 2.30221
	Epoch[5/10]: Training Loss = 2.29996
	Epoch[6/10]: Training Loss = 2.29737
	Epoch[7/10]: Training Loss = 2.29444
	Epoch[8/10]: Training Loss = 2.29115
	Epoch[9/10]: Training Loss = 2.28748
	Epoch[10/10]: Training Loss = 2.28343
***Training Complete***

Final Optimizer Parameters
	alpha : 0.000480368995340541
	mu : 0.0

***Testing Results***
==============================
Test Accuracy = 16.470 %
Test Error = 83.530 %
==============================

Plotted Lists:
Epochs: [0, 1, 2, 3, 4, 5, 6, 7, 8, 9, 10]
alpha: [9.999999747378752e-05, 0.00013326843327376992, 0.0001651112106628716, 0.00019841495668515563, 0.00023342142230831087, 0.0002701960620470345, 0.0003085282223764807, 0.000348726287484169, 0.0003907368518412113, 0.0004345750785432756, 0.000480368995340541]
mu: [0.0, 0.0, 0.0, 0.0, 0.0, 0.0, 0.0, 0.0, 0.0, 0.0, 0.0]
Loss: [0.0022691243410110475, 2.3070456406911215, 2.3057410544077555, 2.304132351811727, 2.3022094734191896, 2.2999617650349933, 2.2973745553334552, 2.2944418036142986, 2.291149425125122, 2.287484904988607, 2.2834349122365314]
