Args:
	model: stacked_NN
	optimizer: SGD
	optimizer_args: {}
	hyperoptimizer: RMSProp
	hyperoptimizer_args: {}
	num_hyperoptimizers: 17
	loss_fn: CrossEntropyLoss
	dataset: MNIST
	alpha: 0.0001
	kappa: None
	num_epochs: 10
	batch_size: 1024
	baseline: False
	device: cuda
	Alpha Values: {0: 0.0001, 1: 5e-07, 2: 3.3333333333333335e-07, 3: 2.5e-07, 4: 2.0000000000000002e-07, 5: 1.6666666666666668e-07, 6: 1.4285714285714287e-07, 7: 1.25e-07, 8: 1.1111111111111112e-07, 9: 1.0000000000000001e-07, 10: 9.090909090909091e-08, 11: 8.333333333333334e-08, 12: 7.692307692307692e-08, 13: 7.142857142857144e-08, 14: 6.666666666666667e-08, 15: 6.25e-08, 16: 5.882352941176471e-08, 17: 5.555555555555556e-08}
	Using 4 GPUs

***Beginning Training***
	Epoch[1/10]: Training Loss = 2.30714
	Epoch[2/10]: Training Loss = 2.30588
	Epoch[3/10]: Training Loss = 2.30432
	Epoch[4/10]: Training Loss = 2.30246
	Epoch[5/10]: Training Loss = 2.30028
	Epoch[6/10]: Training Loss = 2.29777
	Epoch[7/10]: Training Loss = 2.29491
	Epoch[8/10]: Training Loss = 2.29169
	Epoch[9/10]: Training Loss = 2.28810
	Epoch[10/10]: Training Loss = 2.28412
***Training Complete***

Final Optimizer Parameters
	alpha : 0.00048054926446639
	mu : 0.0

***Testing Results***
==============================
Test Accuracy = 14.690 %
Test Error = 85.310 %
==============================

Plotted Lists:
Epochs: [0, 1, 2, 3, 4, 5, 6, 7, 8, 9, 10]
alpha: [9.999999747378752e-05, 0.00013349992514122277, 0.00016530646826140583, 0.00019867136143147945, 0.00023363938089460135, 0.00027037772815674543, 0.0003088213852606714, 0.0003489588852971792, 0.00039089287747628987, 0.00043471885146573186, 0.00048054926446639]
mu: [0.0, 0.0, 0.0, 0.0, 0.0, 0.0, 0.0, 0.0, 0.0, 0.0, 0.0]
Loss: [0.0022691767930984497, 2.3071356779734296, 2.3058767807006837, 2.3043223724365234, 2.3024601762135823, 2.300279466756185, 2.2977674510955812, 2.294909404373169, 2.2916934724171956, 2.2881037854512534, 2.284124000930786]
