Args:
	model: stacked_NN
	optimizer: SGD
	optimizer_args: {}
	hyperoptimizer: RMSProp
	hyperoptimizer_args: {}
	num_hyperoptimizers: 19
	loss_fn: CrossEntropyLoss
	dataset: MNIST
	alpha: 0.0001
	kappa: None
	num_epochs: 10
	batch_size: 1024
	baseline: False
	device: cuda
	Alpha Values: {0: 0.0001, 1: 5e-07, 2: 3.3333333333333335e-07, 3: 2.5e-07, 4: 2.0000000000000002e-07, 5: 1.6666666666666668e-07, 6: 1.4285714285714287e-07, 7: 1.25e-07, 8: 1.1111111111111112e-07, 9: 1.0000000000000001e-07, 10: 9.090909090909091e-08, 11: 8.333333333333334e-08, 12: 7.692307692307692e-08, 13: 7.142857142857144e-08, 14: 6.666666666666667e-08, 15: 6.25e-08, 16: 5.882352941176471e-08, 17: 5.555555555555556e-08, 18: 5.263157894736842e-08, 19: 5.0000000000000004e-08}
	Using 4 GPUs

***Beginning Training***
	Epoch[1/10]: Training Loss = 2.29663
	Epoch[2/10]: Training Loss = 2.29528
	Epoch[3/10]: Training Loss = 2.29362
	Epoch[4/10]: Training Loss = 2.29161
	Epoch[5/10]: Training Loss = 2.28925
	Epoch[6/10]: Training Loss = 2.28653
	Epoch[7/10]: Training Loss = 2.28341
	Epoch[8/10]: Training Loss = 2.27989
	Epoch[9/10]: Training Loss = 2.27594
	Epoch[10/10]: Training Loss = 2.27153
***Training Complete***

Final Optimizer Parameters
	alpha : 0.0004815927823074162
	mu : 0.0

***Testing Results***
==============================
Test Accuracy = 22.670 %
Test Error = 77.330 %
==============================

Plotted Lists:
Epochs: [0, 1, 2, 3, 4, 5, 6, 7, 8, 9, 10]
alpha: [9.999999747378752e-05, 0.00013352549285627902, 0.0001654246007092297, 0.00019884781795553863, 0.00023391096328850836, 0.00027054405654780567, 0.0003091451362706721, 0.00034947096719406545, 0.0003916338609997183, 0.0004355301789473742, 0.0004815927823074162]
mu: [0.0, 0.0, 0.0, 0.0, 0.0, 0.0, 0.0, 0.0, 0.0, 0.0, 0.0]
Loss: [0.0022589290817578633, 2.2966317005157473, 2.295283868789673, 2.2936152154286704, 2.2916105775197346, 2.2892535892486574, 2.2865285063425698, 2.2834136450449627, 2.2798907761891685, 2.2759372060139973, 2.2715272121429444]
