Args:
	model: stacked_NN
	optimizer: SGD
	optimizer_args: {}
	hyperoptimizer: RMSProp
	hyperoptimizer_args: {}
	num_hyperoptimizers: 20
	loss_fn: CrossEntropyLoss
	dataset: MNIST
	alpha: 0.0001
	kappa: None
	num_epochs: 10
	batch_size: 1024
	baseline: False
	device: cuda
	Alpha Values: {0: 0.0001, 1: 5e-07, 2: 3.3333333333333335e-07, 3: 2.5e-07, 4: 2.0000000000000002e-07, 5: 1.6666666666666668e-07, 6: 1.4285714285714287e-07, 7: 1.25e-07, 8: 1.1111111111111112e-07, 9: 1.0000000000000001e-07, 10: 9.090909090909091e-08, 11: 8.333333333333334e-08, 12: 7.692307692307692e-08, 13: 7.142857142857144e-08, 14: 6.666666666666667e-08, 15: 6.25e-08, 16: 5.882352941176471e-08, 17: 5.555555555555556e-08, 18: 5.263157894736842e-08, 19: 5.0000000000000004e-08, 20: 4.761904761904762e-08}
	Using 4 GPUs

***Beginning Training***
	Epoch[1/10]: Training Loss = 2.29516
	Epoch[2/10]: Training Loss = 2.29369
	Epoch[3/10]: Training Loss = 2.29187
	Epoch[4/10]: Training Loss = 2.28968
	Epoch[5/10]: Training Loss = 2.28710
	Epoch[6/10]: Training Loss = 2.28411
	Epoch[7/10]: Training Loss = 2.28069
	Epoch[8/10]: Training Loss = 2.27683
	Epoch[9/10]: Training Loss = 2.27248
	Epoch[10/10]: Training Loss = 2.26763
***Training Complete***

Final Optimizer Parameters
	alpha : 0.0004826637450605631
	mu : 0.0

***Testing Results***
==============================
Test Accuracy = 27.570 %
Test Error = 72.430 %
==============================

Plotted Lists:
Epochs: [0, 1, 2, 3, 4, 5, 6, 7, 8, 9, 10]
alpha: [9.999999747378752e-05, 0.00013340607983991504, 0.0001653809886192903, 0.00019878822786267847, 0.00023394767777062953, 0.0002707546518649906, 0.0003094926942139864, 0.000349774636561051, 0.00039211977855302393, 0.0004363426996860653, 0.0004826637450605631]
mu: [0.0, 0.0, 0.0, 0.0, 0.0, 0.0, 0.0, 0.0, 0.0, 0.0, 0.0]
Loss: [0.0022575596491495767, 2.295164771652222, 2.2936933862050375, 2.2918699737548827, 2.289678879038493, 2.287099005126953, 2.2841129055023193, 2.2806945070902507, 2.2768272716522215, 2.2724800698598226, 2.267625310389201]
