Args:
	model: NN
	optimizer: RMSProp
	optimizer_args: {'gamma': 0.99}
	hyperoptimizer: Adam
	hyperoptimizer_args: {'beta1': 0.9, 'beta2': 0.99}
	loss_fn: CrossEntropyLoss
	dataset: MNIST
	alpha: 0.01
	kappa: 0.001
	num_epochs: 30
	batch_size: 256
	device: cuda

***Beginning Training***
	Epoch[1/30]: Training Loss = 0.29038
	Epoch[2/30]: Training Loss = 0.11622
	Epoch[3/30]: Training Loss = 0.09598
	Epoch[4/30]: Training Loss = 0.08973
	Epoch[5/30]: Training Loss = 0.08795
	Epoch[6/30]: Training Loss = 0.08505
	Epoch[7/30]: Training Loss = 0.08230
	Epoch[8/30]: Training Loss = 0.08171
	Epoch[9/30]: Training Loss = 0.08245
	Epoch[10/30]: Training Loss = 0.07950
	Epoch[11/30]: Training Loss = 0.07880
	Epoch[12/30]: Training Loss = 0.07880
	Epoch[13/30]: Training Loss = 0.07881
	Epoch[14/30]: Training Loss = 0.07884
	Epoch[15/30]: Training Loss = 0.07866
	Epoch[16/30]: Training Loss = 0.07869
	Epoch[17/30]: Training Loss = 0.07867
	Epoch[18/30]: Training Loss = 0.07819
	Epoch[19/30]: Training Loss = 0.07818
	Epoch[20/30]: Training Loss = 0.07822
	Epoch[21/30]: Training Loss = 0.07804
	Epoch[22/30]: Training Loss = 0.07777
	Epoch[23/30]: Training Loss = 0.07777
	Epoch[24/30]: Training Loss = 0.07781
	Epoch[25/30]: Training Loss = 0.07681
	Epoch[26/30]: Training Loss = 0.07647
	Epoch[27/30]: Training Loss = 0.07656
	Epoch[28/30]: Training Loss = 0.07628
	Epoch[29/30]: Training Loss = 0.07633
	Epoch[30/30]: Training Loss = 0.07656
***Training Complete***

Final Optimizer Parameters
	alpha : 0.006755436304956675
	gamma : 0.7492867112159729

***Testing Results***
==============================
Test Accuracy = 97.130 %
Test Error = 2.870 %
==============================
