Args:
	model: NN
	optimizer: Adam
	optimizer_args: {'beta1': 0.9, 'beta2': 0.99}
	hyperoptimizer: SGD
	hyperoptimizer_args: {}
	loss_fn: CrossEntropyLoss
	dataset: MNIST
	alpha: 0.001
	kappa: 1e-05
	num_epochs: 30
	batch_size: 256
	device: cuda

***Beginning Training***
	Epoch[1/30]: Training Loss = 0.33579
	Epoch[2/30]: Training Loss = 0.12399
	Epoch[3/30]: Training Loss = 0.08129
	Epoch[4/30]: Training Loss = 0.05770
	Epoch[5/30]: Training Loss = 0.04426
	Epoch[6/30]: Training Loss = 0.03204
	Epoch[7/30]: Training Loss = 0.02509
	Epoch[8/30]: Training Loss = 0.01925
	Epoch[9/30]: Training Loss = 0.01474
	Epoch[10/30]: Training Loss = 0.01147
	Epoch[11/30]: Training Loss = 0.00969
	Epoch[12/30]: Training Loss = 0.00707
	Epoch[13/30]: Training Loss = 0.00573
	Epoch[14/30]: Training Loss = 0.00431
	Epoch[15/30]: Training Loss = 0.00350
	Epoch[16/30]: Training Loss = 0.00275
	Epoch[17/30]: Training Loss = 0.00238
	Epoch[18/30]: Training Loss = 0.00186
	Epoch[19/30]: Training Loss = 0.00166
	Epoch[20/30]: Training Loss = 0.00125
	Epoch[21/30]: Training Loss = 0.00110
	Epoch[22/30]: Training Loss = 0.00090
	Epoch[23/30]: Training Loss = 0.00080
	Epoch[24/30]: Training Loss = 0.00068
	Epoch[25/30]: Training Loss = 0.00050
	Epoch[26/30]: Training Loss = 0.00042
	Epoch[27/30]: Training Loss = 0.00041
	Epoch[28/30]: Training Loss = 0.00034
	Epoch[29/30]: Training Loss = 0.00023
	Epoch[30/30]: Training Loss = 0.00022
***Training Complete***

Final Optimizer Parameters
	alpha : 0.0008115406380966306
	beta1 : 0.8997267484664917
	beta2 : 0.9897581934928894

***Testing Results***
==============================
Test Accuracy = 98.000 %
Test Error = 2.000 %
==============================
