Args:
	model: NN
	optimizer: SGD
	optimizer_args: {}
	hyperoptimizer: AdaGrad
	hyperoptimizer_args: {}
	loss_fn: CrossEntropyLoss
	dataset: MNIST
	alpha: 0.01
	kappa: 0.01
	num_epochs: 30
	batch_size: 256
	device: cuda

***Beginning Training***
	Epoch[1/30]: Training Loss = 0.83090
	Epoch[2/30]: Training Loss = 0.33458
	Epoch[3/30]: Training Loss = 0.29513
	Epoch[4/30]: Training Loss = 0.27305
	Epoch[5/30]: Training Loss = 0.25725
	Epoch[6/30]: Training Loss = 0.24535
	Epoch[7/30]: Training Loss = 0.23562
	Epoch[8/30]: Training Loss = 0.22779
	Epoch[9/30]: Training Loss = 0.22101
	Epoch[10/30]: Training Loss = 0.21526
	Epoch[11/30]: Training Loss = 0.21044
	Epoch[12/30]: Training Loss = 0.20608
	Epoch[13/30]: Training Loss = 0.20206
	Epoch[14/30]: Training Loss = 0.19859
	Epoch[15/30]: Training Loss = 0.19560
	Epoch[16/30]: Training Loss = 0.19280
	Epoch[17/30]: Training Loss = 0.19014
	Epoch[18/30]: Training Loss = 0.18778
	Epoch[19/30]: Training Loss = 0.18564
	Epoch[20/30]: Training Loss = 0.18359
	Epoch[21/30]: Training Loss = 0.18158
	Epoch[22/30]: Training Loss = 0.17936
	Epoch[23/30]: Training Loss = 0.17712
	Epoch[24/30]: Training Loss = 0.17518
	Epoch[25/30]: Training Loss = 0.17330
	Epoch[26/30]: Training Loss = 0.17148
	Epoch[27/30]: Training Loss = 0.16973
	Epoch[28/30]: Training Loss = 0.16807
	Epoch[29/30]: Training Loss = 0.16636
	Epoch[30/30]: Training Loss = 0.16483
***Training Complete***

Final Optimizer Parameters
	alpha : 0.015349818393588066
	mu : 0.0

***Testing Results***
==============================
Test Accuracy = 95.290 %
Test Error = 4.710 %
==============================
