Args:
	model: stacked_NN
	optimizer: SGD
	optimizer_args: {}
	hyperoptimizer: RMSProp
	hyperoptimizer_args: {}
	num_hyperoptimizers: 6
	loss_fn: CrossEntropyLoss
	dataset: MNIST
	alpha: 1e-06
	kappa: None
	num_epochs: 10
	batch_size: 1024
	baseline: False
	device: cuda
	Alpha Values: {0: 1e-06, 1: 5e-09, 2: 3.333333333333333e-09, 3: 2.5e-09, 4: 1.9999999999999997e-09, 5: 1.6666666666666665e-09, 6: 1.4285714285714286e-09}
	Using 4 GPUs

***Beginning Training***
	Epoch[1/10]: Training Loss = 2.31489
	Epoch[2/10]: Training Loss = 2.31487
	Epoch[3/10]: Training Loss = 2.31485
	Epoch[4/10]: Training Loss = 2.31482
	Epoch[5/10]: Training Loss = 2.31480
	Epoch[6/10]: Training Loss = 2.31476
	Epoch[7/10]: Training Loss = 2.31473
	Epoch[8/10]: Training Loss = 2.31469
	Epoch[9/10]: Training Loss = 2.31465
	Epoch[10/10]: Training Loss = 2.31460
***Training Complete***

Final Optimizer Parameters
	alpha : 4.002958576165838e-06
	mu : 0.0

***Testing Results***
==============================
Test Accuracy = 6.460 %
Test Error = 93.540 %
==============================

Plotted Lists:
Epochs: [0, 1, 2, 3, 4, 5, 6, 7, 8, 9, 10]
alpha: [9.999999974752427e-07, 1.326533038081834e-06, 1.6212890159295057e-06, 1.9170597624906804e-06, 2.213420657426468e-06, 2.511239699742873e-06, 2.8086283236916643e-06, 3.107230440946296e-06, 3.404591325306683e-06, 3.7039692415419267e-06, 4.002958576165838e-06]
mu: [0.0, 0.0, 0.0, 0.0, 0.0, 0.0, 0.0, 0.0, 0.0, 0.0, 0.0]
Loss: [0.0022763397177060444, 2.314886308924357, 2.314869584019979, 2.314848975499471, 2.314824626541138, 2.3147964920043944, 2.3147645272572834, 2.3147288904825847, 2.314689421717326, 2.3146460399627684, 2.314598957824707]
Traceback (most recent call last):
  File "/scratch/bes1g19/DeepLearning/CW/taskdef.py", line 192, in <module>
    experiments.plot(args.alpha, args.kappa, args.optimizer, args.optimizer_args, args.hyperoptimizer, args.hyperoptimizer_args, args.model, f"{args.alpha}/{args.num_hyperoptimizers}")
  File "/mainfs/scratch/bes1g19/DeepLearning/CW/packages/utils/train_val.py", line 287, in plot
    plt.savefig(f'../plots/{src}/{path}.png')
  File "/lyceum/bes1g19/.conda/envs/py3venv/lib/python3.10/site-packages/matplotlib/pyplot.py", line 977, in savefig
    res = fig.savefig(*args, **kwargs)
  File "/lyceum/bes1g19/.conda/envs/py3venv/lib/python3.10/site-packages/matplotlib/figure.py", line 3058, in savefig
    self.canvas.print_figure(fname, **kwargs)
  File "/lyceum/bes1g19/.conda/envs/py3venv/lib/python3.10/site-packages/matplotlib/backend_bases.py", line 2319, in print_figure
    result = print_method(
  File "/lyceum/bes1g19/.conda/envs/py3venv/lib/python3.10/site-packages/matplotlib/backend_bases.py", line 1648, in wrapper
    return func(*args, **kwargs)
  File "/lyceum/bes1g19/.conda/envs/py3venv/lib/python3.10/site-packages/matplotlib/_api/deprecation.py", line 415, in wrapper
    return func(*inner_args, **inner_kwargs)
  File "/lyceum/bes1g19/.conda/envs/py3venv/lib/python3.10/site-packages/matplotlib/backends/backend_agg.py", line 541, in print_png
    mpl.image.imsave(
  File "/lyceum/bes1g19/.conda/envs/py3venv/lib/python3.10/site-packages/matplotlib/image.py", line 1675, in imsave
    image.save(fname, **pil_kwargs)
  File "/lyceum/bes1g19/.conda/envs/py3venv/lib/python3.10/site-packages/PIL/Image.py", line 2317, in save
    fp = builtins.open(filename, "w+b")
FileNotFoundError: [Errno 2] No such file or directory: '../plots/stacked_NN/1e-06/6.png'
