Args:
	model: stacked_NN
	optimizer: SGD
	optimizer_args: {}
	hyperoptimizer: RMSProp
	hyperoptimizer_args: {}
	num_hyperoptimizers: 16
	loss_fn: CrossEntropyLoss
	dataset: MNIST
	alpha: 1e-06
	kappa: None
	num_epochs: 10
	batch_size: 1024
	baseline: False
	device: cuda
	Alpha Values: {0: 1e-06, 1: 5e-09, 2: 3.333333333333333e-09, 3: 2.5e-09, 4: 1.9999999999999997e-09, 5: 1.6666666666666665e-09, 6: 1.4285714285714286e-09, 7: 1.25e-09, 8: 1.111111111111111e-09, 9: 9.999999999999999e-10, 10: 9.090909090909091e-10, 11: 8.333333333333332e-10, 12: 7.692307692307692e-10, 13: 7.142857142857143e-10, 14: 6.666666666666666e-10, 15: 6.25e-10, 16: 5.88235294117647e-10}
	Using 4 GPUs

***Beginning Training***
	Epoch[1/10]: Training Loss = 2.31482
	Epoch[2/10]: Training Loss = 2.31481
	Epoch[3/10]: Training Loss = 2.31479
	Epoch[4/10]: Training Loss = 2.31477
	Epoch[5/10]: Training Loss = 2.31475
	Epoch[6/10]: Training Loss = 2.31473
	Epoch[7/10]: Training Loss = 2.31470
	Epoch[8/10]: Training Loss = 2.31467
	Epoch[9/10]: Training Loss = 2.31463
	Epoch[10/10]: Training Loss = 2.31460
***Training Complete***

Final Optimizer Parameters
	alpha : 3.998986358055845e-06
	mu : 0.0

***Testing Results***
==============================
Test Accuracy = 9.810 %
Test Error = 90.190 %
==============================

Plotted Lists:
Epochs: [0, 1, 2, 3, 4, 5, 6, 7, 8, 9, 10]
alpha: [9.999999974752427e-07, 1.3266960650071269e-06, 1.6222162457779632e-06, 1.9174328826920828e-06, 2.2143581190903205e-06, 2.5106048724410357e-06, 2.8073091016267426e-06, 3.105479208898032e-06, 3.401943331482471e-06, 3.700659590322175e-06, 3.998986358055845e-06]
mu: [0.0, 0.0, 0.0, 0.0, 0.0, 0.0, 0.0, 0.0, 0.0, 0.0, 0.0]
Loss: [0.0022762038310368857, 2.314822686258952, 2.314809466298421, 2.3147932735443115, 2.3147740113576254, 2.314751850128174, 2.314726631037394, 2.3146985675811766, 2.3146674101511637, 2.314633255132039, 2.3145961513519286]
Traceback (most recent call last):
  File "/scratch/bes1g19/DeepLearning/CW/taskdef.py", line 192, in <module>
    experiments.plot(args.alpha, args.kappa, args.optimizer, args.optimizer_args, args.hyperoptimizer, args.hyperoptimizer_args, args.model, f"{args.alpha}/{args.num_hyperoptimizers}")
  File "/mainfs/scratch/bes1g19/DeepLearning/CW/packages/utils/train_val.py", line 287, in plot
    plt.savefig(f'../plots/{src}/{path}.png')
  File "/lyceum/bes1g19/.conda/envs/py3venv/lib/python3.10/site-packages/matplotlib/pyplot.py", line 977, in savefig
    res = fig.savefig(*args, **kwargs)
  File "/lyceum/bes1g19/.conda/envs/py3venv/lib/python3.10/site-packages/matplotlib/figure.py", line 3058, in savefig
    self.canvas.print_figure(fname, **kwargs)
  File "/lyceum/bes1g19/.conda/envs/py3venv/lib/python3.10/site-packages/matplotlib/backend_bases.py", line 2319, in print_figure
    result = print_method(
  File "/lyceum/bes1g19/.conda/envs/py3venv/lib/python3.10/site-packages/matplotlib/backend_bases.py", line 1648, in wrapper
    return func(*args, **kwargs)
  File "/lyceum/bes1g19/.conda/envs/py3venv/lib/python3.10/site-packages/matplotlib/_api/deprecation.py", line 415, in wrapper
    return func(*inner_args, **inner_kwargs)
  File "/lyceum/bes1g19/.conda/envs/py3venv/lib/python3.10/site-packages/matplotlib/backends/backend_agg.py", line 541, in print_png
    mpl.image.imsave(
  File "/lyceum/bes1g19/.conda/envs/py3venv/lib/python3.10/site-packages/matplotlib/image.py", line 1675, in imsave
    image.save(fname, **pil_kwargs)
  File "/lyceum/bes1g19/.conda/envs/py3venv/lib/python3.10/site-packages/PIL/Image.py", line 2317, in save
    fp = builtins.open(filename, "w+b")
FileNotFoundError: [Errno 2] No such file or directory: '../plots/stacked_NN/1e-06/16.png'
