Args:
	model: stacked_NN
	optimizer: SGD
	optimizer_args: {}
	hyperoptimizer: RMSProp
	hyperoptimizer_args: {}
	num_hyperoptimizers: 10
	loss_fn: CrossEntropyLoss
	dataset: MNIST
	alpha: 1e-06
	kappa: None
	num_epochs: 10
	batch_size: 1024
	baseline: False
	device: cuda
	Alpha Values: {0: 1e-06, 1: 5e-09, 2: 3.333333333333333e-09, 3: 2.5e-09, 4: 1.9999999999999997e-09, 5: 1.6666666666666665e-09, 6: 1.4285714285714286e-09, 7: 1.25e-09, 8: 1.111111111111111e-09, 9: 9.999999999999999e-10, 10: 9.090909090909091e-10}
	Using 4 GPUs

***Beginning Training***
	Epoch[1/10]: Training Loss = 2.30497
	Epoch[2/10]: Training Loss = 2.30495
	Epoch[3/10]: Training Loss = 2.30494
	Epoch[4/10]: Training Loss = 2.30492
	Epoch[5/10]: Training Loss = 2.30489
	Epoch[6/10]: Training Loss = 2.30486
	Epoch[7/10]: Training Loss = 2.30483
	Epoch[8/10]: Training Loss = 2.30480
	Epoch[9/10]: Training Loss = 2.30476
	Epoch[10/10]: Training Loss = 2.30472
***Training Complete***

Final Optimizer Parameters
	alpha : 3.999659384135157e-06
	mu : 0.0

***Testing Results***
==============================
Test Accuracy = 9.360 %
Test Error = 90.640 %
==============================

Plotted Lists:
Epochs: [0, 1, 2, 3, 4, 5, 6, 7, 8, 9, 10]
alpha: [9.999999974752427e-07, 1.3251381005829899e-06, 1.6219610188272782e-06, 1.916738483487279e-06, 2.2140600322018145e-06, 2.5097322122746846e-06, 2.807127202686388e-06, 3.105520136159612e-06, 3.4026431876554852e-06, 3.7019367482571397e-06, 3.999659384135157e-06]
mu: [0.0, 0.0, 0.0, 0.0, 0.0, 0.0, 0.0, 0.0, 0.0, 0.0, 0.0]
Loss: [0.0022665732185045877, 2.304968423716227, 2.3049541065216066, 2.304936344019572, 2.3049154169718427, 2.3048912099202474, 2.3048637789408364, 2.3048330516815185, 2.304799110666911, 2.3047618602752684, 2.3047213092803953]
Traceback (most recent call last):
  File "/scratch/bes1g19/DeepLearning/CW/taskdef.py", line 192, in <module>
    experiments.plot(args.alpha, args.kappa, args.optimizer, args.optimizer_args, args.hyperoptimizer, args.hyperoptimizer_args, args.model, f"{args.alpha}/{args.num_hyperoptimizers}")
  File "/mainfs/scratch/bes1g19/DeepLearning/CW/packages/utils/train_val.py", line 287, in plot
    plt.savefig(f'../plots/{src}/{path}.png')
  File "/lyceum/bes1g19/.conda/envs/py3venv/lib/python3.10/site-packages/matplotlib/pyplot.py", line 977, in savefig
    res = fig.savefig(*args, **kwargs)
  File "/lyceum/bes1g19/.conda/envs/py3venv/lib/python3.10/site-packages/matplotlib/figure.py", line 3058, in savefig
    self.canvas.print_figure(fname, **kwargs)
  File "/lyceum/bes1g19/.conda/envs/py3venv/lib/python3.10/site-packages/matplotlib/backend_bases.py", line 2319, in print_figure
    result = print_method(
  File "/lyceum/bes1g19/.conda/envs/py3venv/lib/python3.10/site-packages/matplotlib/backend_bases.py", line 1648, in wrapper
    return func(*args, **kwargs)
  File "/lyceum/bes1g19/.conda/envs/py3venv/lib/python3.10/site-packages/matplotlib/_api/deprecation.py", line 415, in wrapper
    return func(*inner_args, **inner_kwargs)
  File "/lyceum/bes1g19/.conda/envs/py3venv/lib/python3.10/site-packages/matplotlib/backends/backend_agg.py", line 541, in print_png
    mpl.image.imsave(
  File "/lyceum/bes1g19/.conda/envs/py3venv/lib/python3.10/site-packages/matplotlib/image.py", line 1675, in imsave
    image.save(fname, **pil_kwargs)
  File "/lyceum/bes1g19/.conda/envs/py3venv/lib/python3.10/site-packages/PIL/Image.py", line 2317, in save
    fp = builtins.open(filename, "w+b")
FileNotFoundError: [Errno 2] No such file or directory: '../plots/stacked_NN/1e-06/10.png'
