Args:
	model: stacked_NN
	optimizer: SGD
	optimizer_args: {}
	hyperoptimizer: RMSProp
	hyperoptimizer_args: {}
	num_hyperoptimizers: 1
	loss_fn: CrossEntropyLoss
	dataset: MNIST
	alpha: 1e-06
	kappa: None
	num_epochs: 20
	batch_size: 1024
	baseline: False
	device: cuda
	Alpha Values: {0: 1e-06, 1: 5e-09}
	Using 4 GPUs

***Beginning Training***
	Initial Train Loss: 2.2928077096303303
	Epoch[1/20]: Training Loss = 2.29280
	Epoch[2/20]: Training Loss = 2.29279
	Epoch[3/20]: Training Loss = 2.29277
	Epoch[4/20]: Training Loss = 2.29276
	Epoch[5/20]: Training Loss = 2.29273
	Epoch[6/20]: Training Loss = 2.29271
	Epoch[7/20]: Training Loss = 2.29268
	Epoch[8/20]: Training Loss = 2.29265
	Epoch[9/20]: Training Loss = 2.29262
	Epoch[10/20]: Training Loss = 2.29259
	Epoch[11/20]: Training Loss = 2.29255
	Epoch[12/20]: Training Loss = 2.29251
	Epoch[13/20]: Training Loss = 2.29246
	Epoch[14/20]: Training Loss = 2.29242
	Epoch[15/20]: Training Loss = 2.29237
	Epoch[16/20]: Training Loss = 2.29231
	Epoch[17/20]: Training Loss = 2.29226
	Epoch[18/20]: Training Loss = 2.29220
	Epoch[19/20]: Training Loss = 2.29214
	Epoch[20/20]: Training Loss = 2.29208
***Training Complete***

Final Optimizer Parameters
	alpha : 6.928579296072712e-06
	mu : 0.0

***Testing Results***
==============================
Test Accuracy = 13.430 %
Test Error = 86.570 %
==============================

Plotted Lists:
Epochs: [0, 1, 2, 3, 4, 5, 6, 7, 8, 9, 10, 11, 12, 13, 14, 15, 16, 17, 18, 19, 20]
alpha: [9.999999974752427e-07, 1.3258745639177505e-06, 1.6201423704842455e-06, 1.9156327653035987e-06, 2.2106862616055878e-06, 2.5055671812879154e-06, 2.7998974019283196e-06, 3.0951509870646987e-06, 3.3893841191456886e-06, 3.6845565318799345e-06, 3.979537268605782e-06, 4.273314971214859e-06, 4.5688643695029896e-06, 4.8632514335622545e-06, 5.158570729690837e-06, 5.4534029914066195e-06, 5.74808018427575e-06, 6.043728717486374e-06, 6.337983450066531e-06, 6.633092198171653e-06, 6.928579296072712e-06]
mu: [0.0, 0.0, 0.0, 0.0, 0.0, 0.0, 0.0, 0.0, 0.0, 0.0, 0.0, 0.0, 0.0, 0.0, 0.0, 0.0, 0.0, 0.0, 0.0, 0.0, 0.0]
Loss: [2.2928077096303303, 2.292802453994751, 2.2927898282368977, 2.292774275970459, 2.2927559823354087, 2.2927347391764323, 2.2927107257843016, 2.292683856455485, 2.2926541352589926, 2.292621586227417, 2.2925861943562826, 2.2925479305267333, 2.2925069254557293, 2.292463000488281, 2.2924162949879965, 2.292366757329305, 2.292314353052775, 2.2922591875712075, 2.2922011360168457, 2.292140200297038, 2.2920765069325766]
Traceback (most recent call last):
  File "/scratch/bes1g19/DeepLearning/CW/taskdef.py", line 200, in <module>
    experiments.plot(args.alpha, args.kappa, args.optimizer, args.optimizer_args, args.hyperoptimizer, args.hyperoptimizer_args, args.model, f"{args.alpha}/{args.num_hyperoptimizers}")
  File "/mainfs/scratch/bes1g19/DeepLearning/CW/packages/utils/train_val.py", line 279, in plot
    plt.savefig(f'../plots/{src}/{path}.png')
  File "/lyceum/bes1g19/.conda/envs/py3venv/lib/python3.10/site-packages/matplotlib/pyplot.py", line 977, in savefig
    res = fig.savefig(*args, **kwargs)
  File "/lyceum/bes1g19/.conda/envs/py3venv/lib/python3.10/site-packages/matplotlib/figure.py", line 3058, in savefig
    self.canvas.print_figure(fname, **kwargs)
  File "/lyceum/bes1g19/.conda/envs/py3venv/lib/python3.10/site-packages/matplotlib/backend_bases.py", line 2319, in print_figure
    result = print_method(
  File "/lyceum/bes1g19/.conda/envs/py3venv/lib/python3.10/site-packages/matplotlib/backend_bases.py", line 1648, in wrapper
    return func(*args, **kwargs)
  File "/lyceum/bes1g19/.conda/envs/py3venv/lib/python3.10/site-packages/matplotlib/_api/deprecation.py", line 415, in wrapper
    return func(*inner_args, **inner_kwargs)
  File "/lyceum/bes1g19/.conda/envs/py3venv/lib/python3.10/site-packages/matplotlib/backends/backend_agg.py", line 541, in print_png
    mpl.image.imsave(
  File "/lyceum/bes1g19/.conda/envs/py3venv/lib/python3.10/site-packages/matplotlib/image.py", line 1675, in imsave
    image.save(fname, **pil_kwargs)
  File "/lyceum/bes1g19/.conda/envs/py3venv/lib/python3.10/site-packages/PIL/Image.py", line 2317, in save
    fp = builtins.open(filename, "w+b")
FileNotFoundError: [Errno 2] No such file or directory: '../plots/stacked_NN/1e-06/1.png'
