Args:
	model: stacked_NN
	optimizer: SGD
	optimizer_args: {}
	hyperoptimizer: RMSProp
	hyperoptimizer_args: {}
	num_hyperoptimizers: 19
	loss_fn: CrossEntropyLoss
	dataset: MNIST
	alpha: 0.01
	kappa: None
	num_epochs: 10
	batch_size: 1024
	baseline: False
	device: cuda
	Alpha Values: {0: 0.01, 1: 5e-05, 2: 3.3333333333333335e-05, 3: 2.5e-05, 4: 2e-05, 5: 1.6666666666666667e-05, 6: 1.4285714285714285e-05, 7: 1.25e-05, 8: 1.1111111111111112e-05, 9: 1e-05, 10: 9.090909090909091e-06, 11: 8.333333333333334e-06, 12: 7.692307692307692e-06, 13: 7.142857142857143e-06, 14: 6.666666666666667e-06, 15: 6.25e-06, 16: 5.882352941176471e-06, 17: 5.555555555555556e-06, 18: 5.263157894736842e-06, 19: 5e-06}
	Using 4 GPUs

***Beginning Training***
	Epoch[1/10]: Training Loss = 2.26554
	Epoch[2/10]: Training Loss = 2.10752
	Epoch[3/10]: Training Loss = 1.74327
	Epoch[4/10]: Training Loss = 1.15836
	Epoch[5/10]: Training Loss = 0.73892
	Epoch[6/10]: Training Loss = 0.53724
	Epoch[7/10]: Training Loss = 0.43769
	Epoch[8/10]: Training Loss = 0.38712
	Epoch[9/10]: Training Loss = 0.35873
	Epoch[10/10]: Training Loss = 0.34152
***Training Complete***

Final Optimizer Parameters
	alpha : 0.07614283263683319
	mu : 0.0

***Testing Results***
==============================
Test Accuracy = 91.100 %
Test Error = 8.900 %
==============================

Plotted Lists:
Epochs: [0, 1, 2, 3, 4, 5, 6, 7, 8, 9, 10]
alpha: [0.009999999776482582, 0.014351108111441135, 0.021430058404803276, 0.03324044495820999, 0.0504939891397953, 0.0748167484998703, 0.10169889032840729, 0.11433577537536621, 0.10356714576482773, 0.09095053374767303, 0.07614283263683319]
mu: [0.0, 0.0, 0.0, 0.0, 0.0, 0.0, 0.0, 0.0, 0.0, 0.0, 0.0]
Loss: [0.002275592291355133, 2.2655390093485512, 2.1075237493515013, 1.7432745259602864, 1.1583582348823547, 0.7389241103490194, 0.5372394844690959, 0.43769171827634173, 0.3871202441851298, 0.3587334654490153, 0.34151809085210166]
