Args:
	model: stacked_NN
	optimizer: SGD
	optimizer_args: {}
	hyperoptimizer: RMSProp
	hyperoptimizer_args: {}
	num_hyperoptimizers: 18
	loss_fn: CrossEntropyLoss
	dataset: MNIST
	alpha: 0.01
	kappa: None
	num_epochs: 10
	batch_size: 1024
	baseline: False
	device: cuda
	Alpha Values: {0: 0.01, 1: 5e-05, 2: 3.3333333333333335e-05, 3: 2.5e-05, 4: 2e-05, 5: 1.6666666666666667e-05, 6: 1.4285714285714285e-05, 7: 1.25e-05, 8: 1.1111111111111112e-05, 9: 1e-05, 10: 9.090909090909091e-06, 11: 8.333333333333334e-06, 12: 7.692307692307692e-06, 13: 7.142857142857143e-06, 14: 6.666666666666667e-06, 15: 6.25e-06, 16: 5.882352941176471e-06, 17: 5.555555555555556e-06, 18: 5.263157894736842e-06}
	Using 4 GPUs

***Beginning Training***
	Epoch[1/10]: Training Loss = 2.23996
	Epoch[2/10]: Training Loss = 2.05435
	Epoch[3/10]: Training Loss = 1.66404
	Epoch[4/10]: Training Loss = 1.10450
	Epoch[5/10]: Training Loss = 0.71520
	Epoch[6/10]: Training Loss = 0.52481
	Epoch[7/10]: Training Loss = 0.43350
	Epoch[8/10]: Training Loss = 0.38919
	Epoch[9/10]: Training Loss = 0.36425
	Epoch[10/10]: Training Loss = 0.34849
***Training Complete***

Final Optimizer Parameters
	alpha : 0.07292316854000092
	mu : 0.0

***Testing Results***
==============================
Test Accuracy = 90.740 %
Test Error = 9.260 %
==============================

Plotted Lists:
Epochs: [0, 1, 2, 3, 4, 5, 6, 7, 8, 9, 10]
alpha: [0.009999999776482582, 0.014313209801912308, 0.021426891908049583, 0.03325498849153519, 0.0507967472076416, 0.07648679614067078, 0.10047489404678345, 0.09850131720304489, 0.08915836364030838, 0.0784406065940857, 0.07292316854000092]
mu: [0.0, 0.0, 0.0, 0.0, 0.0, 0.0, 0.0, 0.0, 0.0, 0.0, 0.0]
Loss: [0.0022611444155375164, 2.2399605013529458, 2.0543472102483116, 1.664044200515747, 1.1044996918996175, 0.7152028470039368, 0.5248129463513692, 0.43350460071563723, 0.38918761331240337, 0.3642469989776611, 0.3484936774253845]
