Args:
	model: stacked_NN
	optimizer: SGD
	optimizer_args: {}
	hyperoptimizer: RMSProp
	hyperoptimizer_args: {}
	num_hyperoptimizers: 20
	loss_fn: CrossEntropyLoss
	dataset: MNIST
	alpha: 0.01
	kappa: None
	num_epochs: 10
	batch_size: 1024
	baseline: False
	device: cuda
	Alpha Values: {0: 0.01, 1: 5e-05, 2: 3.3333333333333335e-05, 3: 2.5e-05, 4: 2e-05, 5: 1.6666666666666667e-05, 6: 1.4285714285714285e-05, 7: 1.25e-05, 8: 1.1111111111111112e-05, 9: 1e-05, 10: 9.090909090909091e-06, 11: 8.333333333333334e-06, 12: 7.692307692307692e-06, 13: 7.142857142857143e-06, 14: 6.666666666666667e-06, 15: 6.25e-06, 16: 5.882352941176471e-06, 17: 5.555555555555556e-06, 18: 5.263157894736842e-06, 19: 5e-06, 20: 4.761904761904762e-06}
	Using 4 GPUs

***Beginning Training***
	Epoch[1/10]: Training Loss = 2.23433
	Epoch[2/10]: Training Loss = 2.02763
	Epoch[3/10]: Training Loss = 1.62811
	Epoch[4/10]: Training Loss = 1.09379
	Epoch[5/10]: Training Loss = 0.71787
	Epoch[6/10]: Training Loss = 0.52578
	Epoch[7/10]: Training Loss = 0.43157
	Epoch[8/10]: Training Loss = 0.38493
	Epoch[9/10]: Training Loss = 0.35938
	Epoch[10/10]: Training Loss = 0.34288
***Training Complete***

Final Optimizer Parameters
	alpha : 0.07853885740041733
	mu : 0.0

***Testing Results***
==============================
Test Accuracy = 90.850 %
Test Error = 9.150 %
==============================

Plotted Lists:
Epochs: [0, 1, 2, 3, 4, 5, 6, 7, 8, 9, 10]
alpha: [0.009999999776482582, 0.01434150617569685, 0.02146548219025135, 0.033377207815647125, 0.05142349377274513, 0.07783176004886627, 0.10515287518501282, 0.11076489090919495, 0.10375871509313583, 0.09126406162977219, 0.07853885740041733]
mu: [0.0, 0.0, 0.0, 0.0, 0.0, 0.0, 0.0, 0.0, 0.0, 0.0, 0.0]
Loss: [0.002262014325459798, 2.234325781504313, 2.027630828921, 1.6281057317097982, 1.0937857464790344, 0.717865838654836, 0.5257785020987192, 0.4315675886631012, 0.38493164132436114, 0.35937790309588113, 0.34287811188697814]
