Running SLURM prolog script on alpha54.cluster.local
===============================================================================
Job started on Mon May 15 07:16:15 BST 2023
Job ID          : 3239062
Job name        : summarize_init.sh
WorkDir         : /mainfs/scratch/bes1g19/DeepLearning/CW/MAKE
Command         : /scratch/bes1g19/DeepLearning/CW/MAKE/summarize_init.sh
Partition       : ecsstudents
Num hosts       : 1
Num cores       : 16
Num of tasks    : 16
Hosts allocated : alpha54
Job Output Follows ...
===============================================================================
==============================================================================
Running epilogue script on alpha54.

Submit time  : 2023-05-15T07:16:14
Start time   : 2023-05-15T07:16:15
End time     : 2023-05-15T07:16:17
Elapsed time : 00:00:02 (Timelimit=12:00:00)

Job ID: 3239062
Cluster: i5
User/Group: bes1g19/fp
State: FAILED (exit code 1)
Nodes: 1
Cores per node: 16
CPU Utilized: 00:00:03
CPU Efficiency: 9.38% of 00:00:32 core-walltime
Job Wall-clock time: 00:00:02
Memory Utilized: 1.38 MB
Memory Efficiency: 0.00% of 84.38 GB

