+----+-------------+------------------+-----------------+--------------+------------+------------+
|    | Optimizer   | Hyperoptimizer   |   Test Accuracy |   Test Error |      alpha |         mu |
+====+=============+==================+=================+==============+============+============+
|  0 | SGD         | NoOp             |           82.76 |        17.24 | 0.1        |  0.9       |
+----+-------------+------------------+-----------------+--------------+------------+------------+
|  1 | SGD         | SGD              |           70.9  |        29.1  | 0.00377058 |  0.0899901 |
+----+-------------+------------------+-----------------+--------------+------------+------------+
|  2 | SGD         | SGD              |           81.88 |        18.12 | 0.00974124 |  0.9       |
+----+-------------+------------------+-----------------+--------------+------------+------------+
|  3 | SGD         | SGD              |           82.45 |        17.55 | 0.00996712 |  0.99      |
+----+-------------+------------------+-----------------+--------------+------------+------------+
|  4 | SGD         | SGD              |           80.68 |        19.32 | 0.527887   | -0.0130356 |
+----+-------------+------------------+-----------------+--------------+------------+------------+
|  5 | SGD         | SGD              |           79.55 |        20.45 | 0.750694   |  0.497855  |
+----+-------------+------------------+-----------------+--------------+------------+------------+
|  6 | SGD         | SGD              |           21.66 |        78.34 | 0.92259    |  0.811297  |
+----+-------------+------------------+-----------------+--------------+------------+------------+
|  7 | SGD         | SGD              |           79.97 |        20.03 | 0.0541508  |  0.0887807 |
+----+-------------+------------------+-----------------+--------------+------------+------------+
|  8 | SGD         | SGD              |           83.73 |        16.27 | 0.0964752  |  0.899159  |
+----+-------------+------------------+-----------------+--------------+------------+------------+
|  9 | SGD         | SGD              |           82.05 |        17.95 | 0.0986396  |  0.989658  |
+----+-------------+------------------+-----------------+--------------+------------+------------+
