+----+-------------+------------------+-----------------+--------------+------------------------+--------------------+--------------------+------+------------+
|    | Optimizer   | Hyperoptimizer   |   Test Accuracy |   Test Error | alpha                  | beta1              | beta2              |   mu |      gamma |
+====+=============+==================+=================+==============+========================+====================+====================+======+============+
|  0 | Adam        | NoOp             |           97.74 |         2.26 | 0.0010000000474974513  | 0.8999999761581421 | 0.9900000095367432 |  nan | nan        |
+----+-------------+------------------+-----------------+--------------+------------------------+--------------------+--------------------+------+------------+
|  1 | SGD         | NoOp             |           92.33 |         7.67 | 0.009999999776482582   | nan                | nan                |    0 | nan        |
+----+-------------+------------------+-----------------+--------------+------------------------+--------------------+--------------------+------+------------+
|  2 | RMSProp     | NoOp             |           97.63 |         2.37 | 0.10000000149011612    | nan                | nan                |  nan |   0.99     |
+----+-------------+------------------+-----------------+--------------+------------------------+--------------------+--------------------+------+------------+
|  3 | AdaGrad     | NoOp             |           94.74 |         5.26 | 0.009999999776482582   | nan                | nan                |  nan | nan        |
+----+-------------+------------------+-----------------+--------------+------------------------+--------------------+--------------------+------+------------+
|  4 | SGD         | Adam             |           93.28 |         6.72 | 0.007342264987528324   | nan                | nan                |    0 | nan        |
+----+-------------+------------------+-----------------+--------------+------------------------+--------------------+--------------------+------+------------+
|  5 | SGD         | SGD              |           93.33 |         6.67 | 0.00438679987564683    | nan                | nan                |    0 | nan        |
+----+-------------+------------------+-----------------+--------------+------------------------+--------------------+--------------------+------+------------+
|  6 | SGD         | RMSProp          |           97.18 |         2.82 | 0.20491266250610352    | nan                | nan                |    0 | nan        |
+----+-------------+------------------+-----------------+--------------+------------------------+--------------------+--------------------+------+------------+
|  7 | SGD         | AdaGrad          |           95.34 |         4.66 | 0.014081744477152824   | nan                | nan                |    0 | nan        |
+----+-------------+------------------+-----------------+--------------+------------------------+--------------------+--------------------+------+------------+
|  8 | AdaGrad     | Adam             |           93.95 |         6.05 | 0.013829606585204601   | nan                | nan                |  nan | nan        |
+----+-------------+------------------+-----------------+--------------+------------------------+--------------------+--------------------+------+------------+
|  9 | AdaGrad     | SGD              |           93.81 |         6.19 | 0.008208143524825573   | nan                | nan                |  nan | nan        |
+----+-------------+------------------+-----------------+--------------+------------------------+--------------------+--------------------+------+------------+
| 10 | AdaGrad     | RMSProp          |           96.41 |         3.59 | 0.0033306581899523735  | nan                | nan                |  nan | nan        |
+----+-------------+------------------+-----------------+--------------+------------------------+--------------------+--------------------+------+------------+
| 11 | AdaGrad     | AdaGrad          |           93.52 |         6.48 | 0.0016469450201839209  | nan                | nan                |  nan | nan        |
+----+-------------+------------------+-----------------+--------------+------------------------+--------------------+--------------------+------+------------+
| 12 | RMSProp     | Adam             |           97.21 |         2.79 | -2.954723640868906e-06 | nan                | nan                |  nan |   0.872662 |
+----+-------------+------------------+-----------------+--------------+------------------------+--------------------+--------------------+------+------------+
| 13 | RMSProp     | SGD              |           98.05 |         1.95 | 0.01346069946885109    | nan                | nan                |  nan |   0.989202 |
+----+-------------+------------------+-----------------+--------------+------------------------+--------------------+--------------------+------+------------+
| 14 | RMSProp     | RMSProp          |           98.07 |         1.93 | 0.004030589479953051   | nan                | nan                |  nan |   0.906414 |
+----+-------------+------------------+-----------------+--------------+------------------------+--------------------+--------------------+------+------------+
| 15 | RMSProp     | AdaGrad          |           97.84 |         2.16 | 0.09749793261289597    | nan                | nan                |  nan |   0.988458 |
+----+-------------+------------------+-----------------+--------------+------------------------+--------------------+--------------------+------+------------+
| 16 | Adam        | Adam             |            9.8  |        90.2  | Diverged               | Diverged           | Diverged           |  nan | nan        |
+----+-------------+------------------+-----------------+--------------+------------------------+--------------------+--------------------+------+------------+
| 17 | Adam        | SGD              |           97.92 |         2.08 | 0.000685102422721684   | 0.8997567296028137 | 0.9897270798683167 |  nan | nan        |
+----+-------------+------------------+-----------------+--------------+------------------------+--------------------+--------------------+------+------------+
| 18 | Adam        | RMSProp          |           97.29 |         2.71 | 7.789897063048556e-05  | 0.8921222686767578 | 0.9932481050491333 |  nan | nan        |
+----+-------------+------------------+-----------------+--------------+------------------------+--------------------+--------------------+------+------------+
| 19 | Adam        | AdaGrad          |           97.82 |         2.18 | 0.001078530098311603   | 0.8999063372612    | 0.9898800849914551 |  nan | nan        |
+----+-------------+------------------+-----------------+--------------+------------------------+--------------------+--------------------+------+------------+
