+----+-------------+------------------+-----------------+--------------+-----------------------+------+------------+--------------------+--------------------+
|    | Optimizer   | Hyperoptimizer   |   Test Accuracy |   Test Error | alpha                 |   mu |      gamma | beta1              | beta2              |
+====+=============+==================+=================+==============+=======================+======+============+====================+====================+
|  0 | SGD         | Adam             |           93.17 |         6.83 | 0.020276326686143875  |    0 | nan        | nan                | nan                |
+----+-------------+------------------+-----------------+--------------+-----------------------+------+------------+--------------------+--------------------+
|  1 | SGD         | SGD              |           93.51 |         6.49 | 0.0055765677243471146 |    0 | nan        | nan                | nan                |
+----+-------------+------------------+-----------------+--------------+-----------------------+------+------------+--------------------+--------------------+
|  2 | SGD         | RMSProp          |           97.21 |         2.79 | -0.04924757778644562  |    0 | nan        | nan                | nan                |
+----+-------------+------------------+-----------------+--------------+-----------------------+------+------------+--------------------+--------------------+
|  3 | SGD         | AdaGrad          |           95.09 |         4.91 | 0.0114141209051013    |    0 | nan        | nan                | nan                |
+----+-------------+------------------+-----------------+--------------+-----------------------+------+------------+--------------------+--------------------+
|  4 | AdaGrad     | Adam             |           94.22 |         5.78 | 0.010294667445123196  |  nan | nan        | nan                | nan                |
+----+-------------+------------------+-----------------+--------------+-----------------------+------+------------+--------------------+--------------------+
|  5 | AdaGrad     | SGD              |           93.67 |         6.33 | 0.002941722981631756  |  nan | nan        | nan                | nan                |
+----+-------------+------------------+-----------------+--------------+-----------------------+------+------------+--------------------+--------------------+
|  6 | AdaGrad     | RMSProp          |           96.19 |         3.81 | 0.03239404782652855   |  nan | nan        | nan                | nan                |
+----+-------------+------------------+-----------------+--------------+-----------------------+------+------------+--------------------+--------------------+
|  7 | AdaGrad     | AdaGrad          |           93.6  |         6.4  | 0.005761207081377506  |  nan | nan        | nan                | nan                |
+----+-------------+------------------+-----------------+--------------+-----------------------+------+------------+--------------------+--------------------+
|  8 | RMSProp     | Adam             |           97.27 |         2.73 | -0.004765209276229143 |  nan |   0.836863 | nan                | nan                |
+----+-------------+------------------+-----------------+--------------+-----------------------+------+------------+--------------------+--------------------+
|  9 | RMSProp     | SGD              |           97.93 |         2.07 | 0.014415938407182693  |  nan |   0.989207 | nan                | nan                |
+----+-------------+------------------+-----------------+--------------+-----------------------+------+------------+--------------------+--------------------+
| 10 | RMSProp     | RMSProp          |           98.06 |         1.94 | 0.0003461943124420941 |  nan |   0.907973 | nan                | nan                |
+----+-------------+------------------+-----------------+--------------+-----------------------+------+------------+--------------------+--------------------+
| 11 | RMSProp     | AdaGrad          |           97.8  |         2.2  | 0.09710229188203812   |  nan |   0.988291 | nan                | nan                |
+----+-------------+------------------+-----------------+--------------+-----------------------+------+------------+--------------------+--------------------+
| 12 | Adam        | Adam             |            9.8  |        90.2  | Diverged              |  nan | nan        | Diverged           | Diverged           |
+----+-------------+------------------+-----------------+--------------+-----------------------+------+------------+--------------------+--------------------+
| 13 | Adam        | SGD              |           98.01 |         1.99 | 0.0007817455334588885 |  nan | nan        | 0.8997503519058228 | 0.9897286891937256 |
+----+-------------+------------------+-----------------+--------------+-----------------------+------+------------+--------------------+--------------------+
| 14 | Adam        | RMSProp          |           97.56 |         2.44 | 0.0003808429173659533 |  nan | nan        | 0.8868943452835083 | 0.9955606460571289 |
+----+-------------+------------------+-----------------+--------------+-----------------------+------+------------+--------------------+--------------------+
| 15 | Adam        | AdaGrad          |           97.82 |         2.18 | 0.0010743802413344383 |  nan | nan        | 0.8999106884002686 | 0.989881694316864  |
+----+-------------+------------------+-----------------+--------------+-----------------------+------+------------+--------------------+--------------------+
