Args:
	model: stacked_NN
	optimizer: SGD
	optimizer_args: {}
	hyperoptimizer: RMSProp
	hyperoptimizer_args: {}
	num_hyperoptimizers: 5
	loss_fn: CrossEntropyLoss
	dataset: MNIST
	alpha: 1.0
	kappa: None
	num_epochs: 10
	batch_size: 1024
	baseline: False
	device: cuda
	Alpha Values: {0: 1.0, 1: 0.005, 2: 0.0033333333333333335, 3: 0.0025, 4: 0.002, 5: 0.0016666666666666668}
	Using 4 GPUs

***Beginning Training***
	Epoch[1/10]: Training Loss = 0.83683
	Epoch[2/10]: Training Loss = 0.29630
	Epoch[3/10]: Training Loss = 0.26866
	Epoch[4/10]: Training Loss = 0.25888
	Epoch[5/10]: Training Loss = 0.25110
	Epoch[6/10]: Training Loss = 0.24393
	Epoch[7/10]: Training Loss = 0.23741
	Epoch[8/10]: Training Loss = 0.23122
	Epoch[9/10]: Training Loss = 0.22550
	Epoch[10/10]: Training Loss = 0.22032
***Training Complete***

Final Optimizer Parameters
	alpha : 0.0907844603061676
	mu : 0.0

***Testing Results***
==============================
Test Accuracy = 93.980 %
Test Error = 6.020 %
==============================

Plotted Lists:
Epochs: [0, 1, 2, 3, 4, 5, 6, 7, 8, 9, 10]
alpha: [1.0, 0.514622688293457, 0.14392560720443726, 0.09605835378170013, 0.09078507125377655, 0.0907844603061676, 0.0907844603061676, 0.0907844603061676, 0.0907844603061676, 0.0907844603061676, 0.0907844603061676]
mu: [0.0, 0.0, 0.0, 0.0, 0.0, 0.0, 0.0, 0.0, 0.0, 0.0, 0.0]
Loss: [0.0022716174840927126, 0.8368252107302347, 0.2962966055552165, 0.26866270580291746, 0.2588837998708089, 0.25110406777858735, 0.24393225119113923, 0.2374063521941503, 0.23122474386692046, 0.22550166166623434, 0.2203189305305481]
