Args:
	model: stacked_NN
	optimizer: SGD
	optimizer_args: {}
	hyperoptimizer: RMSProp
	hyperoptimizer_args: {}
	num_hyperoptimizers: 17
	loss_fn: CrossEntropyLoss
	dataset: MNIST
	alpha: 1.0
	kappa: None
	num_epochs: 10
	batch_size: 1024
	baseline: False
	device: cuda
	Alpha Values: {0: 1.0, 1: 0.005, 2: 0.0033333333333333335, 3: 0.0025, 4: 0.002, 5: 0.0016666666666666668, 6: 0.0014285714285714286, 7: 0.00125, 8: 0.0011111111111111111, 9: 0.001, 10: 0.0009090909090909091, 11: 0.0008333333333333334, 12: 0.0007692307692307692, 13: 0.0007142857142857143, 14: 0.0006666666666666666, 15: 0.000625, 16: 0.000588235294117647, 17: 0.0005555555555555556}
	Using 4 GPUs

***Beginning Training***
	Epoch[1/10]: Training Loss = 0.77866
	Epoch[2/10]: Training Loss = 0.29616
	Epoch[3/10]: Training Loss = 0.27290
	Epoch[4/10]: Training Loss = 0.26061
	Epoch[5/10]: Training Loss = 0.24929
	Epoch[6/10]: Training Loss = 0.24174
	Epoch[7/10]: Training Loss = 0.23567
	Epoch[8/10]: Training Loss = 0.22974
	Epoch[9/10]: Training Loss = 0.22278
	Epoch[10/10]: Training Loss = 0.21673
***Training Complete***

Final Optimizer Parameters
	alpha : 0.09773851186037064
	mu : 0.0

***Testing Results***
==============================
Test Accuracy = 94.040 %
Test Error = 5.960 %
==============================

Plotted Lists:
Epochs: [0, 1, 2, 3, 4, 5, 6, 7, 8, 9, 10]
alpha: [1.0, 0.446542352437973, 0.12056195735931396, 0.14025871455669403, 0.09929206967353821, 0.08490251749753952, 0.0969030037522316, 0.10419286042451859, 0.10023133456707001, 0.09773851186037064, 0.09773851186037064]
mu: [0.0, 0.0, 0.0, 0.0, 0.0, 0.0, 0.0, 0.0, 0.0, 0.0, 0.0]
Loss: [0.0022727447271347046, 0.778657118844986, 0.2961550070444743, 0.2729034333705902, 0.26061472646395367, 0.249288401556015, 0.24173933837413789, 0.235672087597847, 0.22973963038126627, 0.22277912187576293, 0.21672964228789013]
