Args:
	model: stacked_NN
	optimizer: SGD
	optimizer_args: {}
	hyperoptimizer: RMSProp
	hyperoptimizer_args: {}
	num_hyperoptimizers: 19
	loss_fn: CrossEntropyLoss
	dataset: MNIST
	alpha: 1.0
	kappa: None
	num_epochs: 10
	batch_size: 1024
	baseline: False
	device: cuda
	Alpha Values: {0: 1.0, 1: 0.005, 2: 0.0033333333333333335, 3: 0.0025, 4: 0.002, 5: 0.0016666666666666668, 6: 0.0014285714285714286, 7: 0.00125, 8: 0.0011111111111111111, 9: 0.001, 10: 0.0009090909090909091, 11: 0.0008333333333333334, 12: 0.0007692307692307692, 13: 0.0007142857142857143, 14: 0.0006666666666666666, 15: 0.000625, 16: 0.000588235294117647, 17: 0.0005555555555555556, 18: 0.0005263157894736842, 19: 0.0005}
	Using 4 GPUs

***Beginning Training***
	Epoch[1/10]: Training Loss = 0.87140
	Epoch[2/10]: Training Loss = 0.29298
	Epoch[3/10]: Training Loss = 0.26020
	Epoch[4/10]: Training Loss = 0.24978
	Epoch[5/10]: Training Loss = 0.24332
	Epoch[6/10]: Training Loss = 0.23681
	Epoch[7/10]: Training Loss = 0.23071
	Epoch[8/10]: Training Loss = 0.22412
	Epoch[9/10]: Training Loss = 0.21786
	Epoch[10/10]: Training Loss = 0.21210
***Training Complete***

Final Optimizer Parameters
	alpha : 0.1083746924996376
	mu : 0.0

***Testing Results***
==============================
Test Accuracy = 94.020 %
Test Error = 5.980 %
==============================

Plotted Lists:
Epochs: [0, 1, 2, 3, 4, 5, 6, 7, 8, 9, 10]
alpha: [1.0, 0.6156108379364014, 0.21572326123714447, 0.10353861004114151, 0.10323391854763031, 0.08925744891166687, 0.08499869704246521, 0.11101770401000977, 0.1083746924996376, 0.1083746924996376, 0.1083746924996376]
mu: [0.0, 0.0, 0.0, 0.0, 0.0, 0.0, 0.0, 0.0, 0.0, 0.0, 0.0]
Loss: [0.002264701453844706, 0.8714019267559051, 0.2929796054840088, 0.26019888634681704, 0.24977851305802662, 0.24332403229077657, 0.23680676290988922, 0.23071168189843497, 0.2241171447356542, 0.21785710329214733, 0.21209991439183554]
