Args:
	model: stacked_NN
	optimizer: SGD
	optimizer_args: {}
	hyperoptimizer: RMSProp
	hyperoptimizer_args: {}
	num_hyperoptimizers: 2
	loss_fn: CrossEntropyLoss
	dataset: MNIST
	alpha: 1.0
	kappa: None
	num_epochs: 10
	batch_size: 1024
	baseline: False
	device: cuda
	Alpha Values: {0: 1.0, 1: 0.005, 2: 0.0033333333333333335}
	Using 4 GPUs

***Beginning Training***
	Epoch[1/10]: Training Loss = 0.88818
	Epoch[2/10]: Training Loss = 0.29954
	Epoch[3/10]: Training Loss = 0.26694
	Epoch[4/10]: Training Loss = 0.25581
	Epoch[5/10]: Training Loss = 0.24830
	Epoch[6/10]: Training Loss = 0.23980
	Epoch[7/10]: Training Loss = 0.23177
	Epoch[8/10]: Training Loss = 0.22481
	Epoch[9/10]: Training Loss = 0.21838
	Epoch[10/10]: Training Loss = 0.21254
***Training Complete***

Final Optimizer Parameters
	alpha : 0.11045817285776138
	mu : 0.0

***Testing Results***
==============================
Test Accuracy = 94.160 %
Test Error = 5.840 %
==============================

Plotted Lists:
Epochs: [0, 1, 2, 3, 4, 5, 6, 7, 8, 9, 10]
alpha: [1.0, 0.6047000885009766, 0.19536350667476654, 0.12859737873077393, 0.08322720229625702, 0.11778738349676132, 0.11683332175016403, 0.11126840114593506, 0.11048159748315811, 0.11048059910535812, 0.11045817285776138]
mu: [0.0, 0.0, 0.0, 0.0, 0.0, 0.0, 0.0, 0.0, 0.0, 0.0, 0.0]
Loss: [0.0022758413434028624, 0.8881783691724141, 0.2995431044260661, 0.26693864674568174, 0.2558147117137909, 0.24829900458653767, 0.23979940948486328, 0.2317678320725759, 0.2248091029961904, 0.21837737855116526, 0.21254251671632132]
