Args:
	model: stacked_NN
	optimizer: SGD
	optimizer_args: {}
	hyperoptimizer: RMSProp
	hyperoptimizer_args: {}
	num_hyperoptimizers: 18
	loss_fn: CrossEntropyLoss
	dataset: MNIST
	alpha: 1.0
	kappa: None
	num_epochs: 10
	batch_size: 1024
	baseline: False
	device: cuda
	Alpha Values: {0: 1.0, 1: 0.005, 2: 0.0033333333333333335, 3: 0.0025, 4: 0.002, 5: 0.0016666666666666668, 6: 0.0014285714285714286, 7: 0.00125, 8: 0.0011111111111111111, 9: 0.001, 10: 0.0009090909090909091, 11: 0.0008333333333333334, 12: 0.0007692307692307692, 13: 0.0007142857142857143, 14: 0.0006666666666666666, 15: 0.000625, 16: 0.000588235294117647, 17: 0.0005555555555555556, 18: 0.0005263157894736842}
	Using 4 GPUs

***Beginning Training***
	Epoch[1/10]: Training Loss = 0.77587
	Epoch[2/10]: Training Loss = 0.29921
	Epoch[3/10]: Training Loss = 0.27522
	Epoch[4/10]: Training Loss = 0.26307
	Epoch[5/10]: Training Loss = 0.25555
	Epoch[6/10]: Training Loss = 0.24882
	Epoch[7/10]: Training Loss = 0.24585
	Epoch[8/10]: Training Loss = 0.24461
	Epoch[9/10]: Training Loss = 0.24237
	Epoch[10/10]: Training Loss = 0.23944
***Training Complete***

Final Optimizer Parameters
	alpha : 0.048170723021030426
	mu : 0.0

***Testing Results***
==============================
Test Accuracy = 93.430 %
Test Error = 6.570 %
==============================

Plotted Lists:
Epochs: [0, 1, 2, 3, 4, 5, 6, 7, 8, 9, 10]
alpha: [1.0, 0.5326583981513977, 0.12473973631858826, 0.21783919632434845, 0.08208130300045013, 0.07624292373657227, 0.0453103743493557, 0.022784963250160217, 0.032306820154190063, 0.035801611840724945, 0.048170723021030426]
mu: [0.0, 0.0, 0.0, 0.0, 0.0, 0.0, 0.0, 0.0, 0.0, 0.0, 0.0]
Loss: [0.0022623818357785544, 0.7758721648375193, 0.29920978242556256, 0.27522357918421425, 0.263070343764623, 0.2555538487116496, 0.24881503756841022, 0.24585406666596732, 0.24460640804767608, 0.24236772360801698, 0.23943690993785857]
