Args:
	model: stacked_NN
	optimizer: SGD
	optimizer_args: {}
	hyperoptimizer: RMSProp
	hyperoptimizer_args: {}
	num_hyperoptimizers: 4
	loss_fn: CrossEntropyLoss
	dataset: MNIST
	alpha: 1.0
	kappa: None
	num_epochs: 10
	batch_size: 1024
	baseline: False
	device: cuda
	Alpha Values: {0: 1.0, 1: 0.005, 2: 0.0033333333333333335, 3: 0.0025, 4: 0.002}
	Using 4 GPUs

***Beginning Training***
	Epoch[1/10]: Training Loss = 0.89943
	Epoch[2/10]: Training Loss = 0.30207
	Epoch[3/10]: Training Loss = 0.27256
	Epoch[4/10]: Training Loss = 0.26436
	Epoch[5/10]: Training Loss = 0.25830
	Epoch[6/10]: Training Loss = 0.25135
	Epoch[7/10]: Training Loss = 0.24818
	Epoch[8/10]: Training Loss = 0.24570
	Epoch[9/10]: Training Loss = 0.24243
	Epoch[10/10]: Training Loss = 0.23977
***Training Complete***

Final Optimizer Parameters
	alpha : 0.08196723461151123
	mu : 0.0

***Testing Results***
==============================
Test Accuracy = 93.270 %
Test Error = 6.730 %
==============================

Plotted Lists:
Epochs: [0, 1, 2, 3, 4, 5, 6, 7, 8, 9, 10]
alpha: [1.0, 0.6201979517936707, 0.1675805002450943, 0.08961512893438339, 0.030859805643558502, 0.10659891366958618, -0.0008759981719776988, 0.03858361393213272, 0.04756656289100647, 0.03575992211699486, 0.08196723461151123]
mu: [0.0, 0.0, 0.0, 0.0, 0.0, 0.0, 0.0, 0.0, 0.0, 0.0, 0.0]
Loss: [0.0022691131552060443, 0.8994294190724691, 0.302070063384374, 0.2725637061913808, 0.2643643825531006, 0.258298655573527, 0.2513456028699875, 0.24818367918332418, 0.24569631287256877, 0.24243131109873453, 0.23977470072110493]
