Args:
	model: stacked_NN
	optimizer: SGD
	optimizer_args: {}
	hyperoptimizer: RMSProp
	hyperoptimizer_args: {}
	num_hyperoptimizers: 16
	loss_fn: CrossEntropyLoss
	dataset: MNIST
	alpha: 1.0
	kappa: None
	num_epochs: 10
	batch_size: 1024
	baseline: False
	device: cuda
	Alpha Values: {0: 1.0, 1: 0.005, 2: 0.0033333333333333335, 3: 0.0025, 4: 0.002, 5: 0.0016666666666666668, 6: 0.0014285714285714286, 7: 0.00125, 8: 0.0011111111111111111, 9: 0.001, 10: 0.0009090909090909091, 11: 0.0008333333333333334, 12: 0.0007692307692307692, 13: 0.0007142857142857143, 14: 0.0006666666666666666, 15: 0.000625, 16: 0.000588235294117647}
	Using 4 GPUs

***Beginning Training***
	Epoch[1/10]: Training Loss = 0.89481
	Epoch[2/10]: Training Loss = 0.32572
	Epoch[3/10]: Training Loss = 0.29588
	Epoch[4/10]: Training Loss = 0.28354
	Epoch[5/10]: Training Loss = 0.27610
	Epoch[6/10]: Training Loss = 0.27075
	Epoch[7/10]: Training Loss = 0.26730
	Epoch[8/10]: Training Loss = 0.26221
	Epoch[9/10]: Training Loss = 0.25711
	Epoch[10/10]: Training Loss = 0.25244
***Training Complete***

Final Optimizer Parameters
	alpha : 0.06375777721405029
	mu : 0.0

***Testing Results***
==============================
Test Accuracy = 93.130 %
Test Error = 6.870 %
==============================

Plotted Lists:
Epochs: [0, 1, 2, 3, 4, 5, 6, 7, 8, 9, 10]
alpha: [1.0, 0.4337756037712097, 0.20753203332424164, 0.12307745218276978, 0.05193062499165535, 0.07968603074550629, 0.05954505503177643, 0.07937557995319366, 0.08242696523666382, 0.07017704844474792, 0.06375777721405029]
mu: [0.0, 0.0, 0.0, 0.0, 0.0, 0.0, 0.0, 0.0, 0.0, 0.0, 0.0]
Loss: [0.002263914608955383, 0.8948125900745392, 0.3257185213247935, 0.2958779390891393, 0.283540571864446, 0.2760959711074829, 0.27074525438944497, 0.26730279208024343, 0.2622064631462097, 0.2571084627151489, 0.2524409935474396]
