Args:
	model: stacked_NN
	optimizer: SGD
	optimizer_args: {}
	hyperoptimizer: RMSProp
	hyperoptimizer_args: {}
	num_hyperoptimizers: 0
	loss_fn: CrossEntropyLoss
	dataset: MNIST
	alpha: 1.0
	kappa: None
	num_epochs: 10
	batch_size: 1024
	baseline: False
	device: cuda
	Alpha Values: {}
	Using 4 GPUs

***Beginning Training***
	Epoch[1/10]: Training Loss = 0.90527
	Epoch[2/10]: Training Loss = 0.28128
	Epoch[3/10]: Training Loss = 0.20845
	Epoch[4/10]: Training Loss = 0.16903
	Epoch[5/10]: Training Loss = 0.14375
	Epoch[6/10]: Training Loss = 0.12750
	Epoch[7/10]: Training Loss = 0.11462
	Epoch[8/10]: Training Loss = 0.10495
	Epoch[9/10]: Training Loss = 0.09744
	Epoch[10/10]: Training Loss = 0.08864
***Training Complete***

Final Optimizer Parameters
	alpha : 1.0
	mu : 0.0

***Testing Results***
==============================
Test Accuracy = 97.160 %
Test Error = 2.840 %
==============================

Plotted Lists:
Epochs: [0, 1, 2, 3, 4, 5, 6, 7, 8, 9, 10]
alpha: [1.0, 1.0, 1.0, 1.0, 1.0, 1.0, 1.0, 1.0, 1.0, 1.0, 1.0]
mu: [0.0, 0.0, 0.0, 0.0, 0.0, 0.0, 0.0, 0.0, 0.0, 0.0, 0.0]
Loss: [0.0022798954168955486, 0.9052732565561931, 0.28127726821104687, 0.20845190183321635, 0.1690260241429011, 0.1437496802250544, 0.12749824216365815, 0.11462170468966167, 0.10494548902114233, 0.09744484763145447, 0.08864176966746648]
