Args:
	model: stacked_NN
	optimizer: SGD
	optimizer_args: {}
	hyperoptimizer: RMSProp
	hyperoptimizer_args: {}
	num_hyperoptimizers: 20
	loss_fn: CrossEntropyLoss
	dataset: MNIST
	alpha: 1.0
	kappa: None
	num_epochs: 10
	batch_size: 1024
	baseline: False
	device: cuda
	Alpha Values: {0: 1.0, 1: 0.005, 2: 0.0033333333333333335, 3: 0.0025, 4: 0.002, 5: 0.0016666666666666668, 6: 0.0014285714285714286, 7: 0.00125, 8: 0.0011111111111111111, 9: 0.001, 10: 0.0009090909090909091, 11: 0.0008333333333333334, 12: 0.0007692307692307692, 13: 0.0007142857142857143, 14: 0.0006666666666666666, 15: 0.000625, 16: 0.000588235294117647, 17: 0.0005555555555555556, 18: 0.0005263157894736842, 19: 0.0005, 20: 0.0004761904761904762}
	Using 4 GPUs

***Beginning Training***
	Epoch[1/10]: Training Loss = 0.77835
	Epoch[2/10]: Training Loss = 0.30402
	Epoch[3/10]: Training Loss = 0.28364
	Epoch[4/10]: Training Loss = 0.27551
	Epoch[5/10]: Training Loss = 0.26534
	Epoch[6/10]: Training Loss = 0.25628
	Epoch[7/10]: Training Loss = 0.24993
	Epoch[8/10]: Training Loss = 0.24465
	Epoch[9/10]: Training Loss = 0.23807
	Epoch[10/10]: Training Loss = 0.23283
***Training Complete***

Final Optimizer Parameters
	alpha : 0.08403117209672928
	mu : 0.0

***Testing Results***
==============================
Test Accuracy = 93.570 %
Test Error = 6.430 %
==============================

Plotted Lists:
Epochs: [0, 1, 2, 3, 4, 5, 6, 7, 8, 9, 10]
alpha: [1.0, 0.47598108649253845, 0.05423027276992798, 0.041605144739151, 0.15721340477466583, 0.177606463432312, 0.09143292903900146, 0.0831715539097786, 0.11303766071796417, 0.07425329089164734, 0.08403117209672928]
mu: [0.0, 0.0, 0.0, 0.0, 0.0, 0.0, 0.0, 0.0, 0.0, 0.0, 0.0]
Loss: [0.0022702322880427043, 0.7783484110196431, 0.30401591720581056, 0.28363984648386636, 0.27550883445739743, 0.2653395934899648, 0.2562758196115494, 0.24993325117429097, 0.24464593722025554, 0.2380681064446767, 0.2328270444393158]
