Args:
	model: CNN
	optimizer: SGD
	optimizer_args: {'mu': 0.09}
	hyperoptimizer: SGD
	hyperoptimizer_args: {}
	num_hyperoptimizers: 0
	loss_fn: CrossEntropyLoss
	dataset: CIFAR
	alpha: 1.0
	kappa: 0.0
	num_epochs: 50
	batch_size: 256
	baseline: False
	device: cuda
	Using 4 GPUs

***Beginning Training***
	Initial Train Loss: 2.5955910762023926
	Epoch[1/50]: Training Loss = 1.96451
	Epoch[2/50]: Training Loss = 1.51946
	Epoch[3/50]: Training Loss = 1.21428
	Epoch[4/50]: Training Loss = 0.94825
	Epoch[5/50]: Training Loss = 0.75217
	Epoch[6/50]: Training Loss = 0.63364
	Epoch[7/50]: Training Loss = 0.54895
	Epoch[8/50]: Training Loss = 0.48634
	Epoch[9/50]: Training Loss = 0.42622
	Epoch[10/50]: Training Loss = 0.37514
	Epoch[11/50]: Training Loss = 0.32778
	Epoch[12/50]: Training Loss = 0.29231
	Epoch[13/50]: Training Loss = 0.25588
	Epoch[14/50]: Training Loss = 0.22123
	Epoch[15/50]: Training Loss = 0.19597
	Epoch[16/50]: Training Loss = 0.16508
	Epoch[17/50]: Training Loss = 0.14987
	Epoch[18/50]: Training Loss = 0.12792
	Epoch[19/50]: Training Loss = 0.11700
	Epoch[20/50]: Training Loss = 0.10663
	Epoch[21/50]: Training Loss = 0.09419
	Epoch[22/50]: Training Loss = 0.08365
	Epoch[23/50]: Training Loss = 0.06660
	Epoch[24/50]: Training Loss = 0.06449
	Epoch[25/50]: Training Loss = 0.06727
	Epoch[26/50]: Training Loss = 0.05316
	Epoch[27/50]: Training Loss = 0.05486
	Epoch[28/50]: Training Loss = 0.05019
	Epoch[29/50]: Training Loss = 0.04565
	Epoch[30/50]: Training Loss = 0.03436
	Epoch[31/50]: Training Loss = 0.02657
	Epoch[32/50]: Training Loss = 0.02933
	Epoch[33/50]: Training Loss = 0.03475
	Epoch[34/50]: Training Loss = 0.02536
	Epoch[35/50]: Training Loss = 0.03576
	Epoch[36/50]: Training Loss = 0.01936
	Epoch[37/50]: Training Loss = 0.01918
	Epoch[38/50]: Training Loss = 0.02171
	Epoch[39/50]: Training Loss = 0.03665
	Epoch[40/50]: Training Loss = 0.02314
	Epoch[41/50]: Training Loss = 0.02425
	Epoch[42/50]: Training Loss = 0.01601
	Epoch[43/50]: Training Loss = 0.01660
	Epoch[44/50]: Training Loss = 0.01034
	Epoch[45/50]: Training Loss = 0.01068
	Epoch[46/50]: Training Loss = 0.02074
	Epoch[47/50]: Training Loss = 0.01607
	Epoch[48/50]: Training Loss = 0.01655
	Epoch[49/50]: Training Loss = 0.01354
	Epoch[50/50]: Training Loss = 0.01434
***Training Complete***

Final Optimizer Parameters
	alpha : 1.0
	mu : 0.09000000357627869

***Testing Results***
==============================
Test Accuracy = 79.360 %
Test Error = 20.640 %
==============================

Plotted Lists:
Epochs: [0, 1, 2, 3, 4, 5, 6, 7, 8, 9, 10, 11, 12, 13, 14, 15, 16, 17, 18, 19, 20, 21, 22, 23, 24, 25, 26, 27, 28, 29, 30, 31, 32, 33, 34, 35, 36, 37, 38, 39, 40, 41, 42, 43, 44, 45, 46, 47, 48, 49, 50]
alpha: [1.0, 1.0, 1.0, 1.0, 1.0, 1.0, 1.0, 1.0, 1.0, 1.0, 1.0, 1.0, 1.0, 1.0, 1.0, 1.0, 1.0, 1.0, 1.0, 1.0, 1.0, 1.0, 1.0, 1.0, 1.0, 1.0, 1.0, 1.0, 1.0, 1.0, 1.0, 1.0, 1.0, 1.0, 1.0, 1.0, 1.0, 1.0, 1.0, 1.0, 1.0, 1.0, 1.0, 1.0, 1.0, 1.0, 1.0, 1.0, 1.0, 1.0, 1.0]
mu: [0.09000000357627869, 0.09000000357627869, 0.09000000357627869, 0.09000000357627869, 0.09000000357627869, 0.09000000357627869, 0.09000000357627869, 0.09000000357627869, 0.09000000357627869, 0.09000000357627869, 0.09000000357627869, 0.09000000357627869, 0.09000000357627869, 0.09000000357627869, 0.09000000357627869, 0.09000000357627869, 0.09000000357627869, 0.09000000357627869, 0.09000000357627869, 0.09000000357627869, 0.09000000357627869, 0.09000000357627869, 0.09000000357627869, 0.09000000357627869, 0.09000000357627869, 0.09000000357627869, 0.09000000357627869, 0.09000000357627869, 0.09000000357627869, 0.09000000357627869, 0.09000000357627869, 0.09000000357627869, 0.09000000357627869, 0.09000000357627869, 0.09000000357627869, 0.09000000357627869, 0.09000000357627869, 0.09000000357627869, 0.09000000357627869, 0.09000000357627869, 0.09000000357627869, 0.09000000357627869, 0.09000000357627869, 0.09000000357627869, 0.09000000357627869, 0.09000000357627869, 0.09000000357627869, 0.09000000357627869, 0.09000000357627869, 0.09000000357627869, 0.09000000357627869]
Loss: [2.5955910762023926, 1.9645101489639283, 1.5194566032028198, 1.2142792027282714, 0.9482543538093567, 0.7521715106773377, 0.6336439131164551, 0.5489530525970459, 0.4863389059829712, 0.426218042755127, 0.37513656935691836, 0.3277770414829254, 0.2923101439857483, 0.2558791677093506, 0.22122747898101808, 0.19597146396636964, 0.16507784837722778, 0.14987215201854706, 0.12791698139190674, 0.11700106617927551, 0.10663065068244934, 0.0941913712310791, 0.0836526781463623, 0.06660336965560913, 0.06449162433624267, 0.0672697375535965, 0.05316419504880905, 0.05486410623073578, 0.050194108576774595, 0.045645990056991576, 0.034362548929452896, 0.026571465933322908, 0.029332016229629516, 0.03474829009532929, 0.02535513127565384, 0.03575715445995331, 0.01935730006814003, 0.019184001706838608, 0.021709730501174928, 0.036645515035390853, 0.023141405210494997, 0.024249393595457077, 0.016006145983934402, 0.01659718149185181, 0.010335148350298405, 0.010680553846359252, 0.02073999045550823, 0.016073905169069768, 0.01654663831323385, 0.01353841060847044, 0.014344872897267342]
