Args:
	model: CNN
	optimizer: SGD
	optimizer_args: {'mu': 0.9}
	hyperoptimizer: SGD
	hyperoptimizer_args: {}
	num_hyperoptimizers: 0
	loss_fn: CrossEntropyLoss
	dataset: CIFAR
	alpha: 1.0
	kappa: 0.0
	num_epochs: 50
	batch_size: 256
	baseline: False
	device: cuda
	Using 4 GPUs

***Beginning Training***
	Initial Train Loss: 2.5955910762023926
	Epoch[1/50]: Training Loss = 2.35489
	Epoch[2/50]: Training Loss = 2.07951
	Epoch[3/50]: Training Loss = 1.73090
	Epoch[4/50]: Training Loss = 1.52422
	Epoch[5/50]: Training Loss = 1.32663
	Epoch[6/50]: Training Loss = 1.16183
	Epoch[7/50]: Training Loss = 1.06033
	Epoch[8/50]: Training Loss = 0.92509
	Epoch[9/50]: Training Loss = 0.83141
	Epoch[10/50]: Training Loss = 0.74318
	Epoch[11/50]: Training Loss = 0.67008
	Epoch[12/50]: Training Loss = 0.60524
	Epoch[13/50]: Training Loss = 0.56289
	Epoch[14/50]: Training Loss = 0.50901
	Epoch[15/50]: Training Loss = 0.47673
	Epoch[16/50]: Training Loss = 0.43078
	Epoch[17/50]: Training Loss = 0.39504
	Epoch[18/50]: Training Loss = 0.36778
	Epoch[19/50]: Training Loss = 0.35216
	Epoch[20/50]: Training Loss = 0.31461
	Epoch[21/50]: Training Loss = 0.30386
	Epoch[22/50]: Training Loss = 0.26769
	Epoch[23/50]: Training Loss = 0.24245
	Epoch[24/50]: Training Loss = 0.22790
	Epoch[25/50]: Training Loss = 0.20895
	Epoch[26/50]: Training Loss = 0.18567
	Epoch[27/50]: Training Loss = 0.16489
	Epoch[28/50]: Training Loss = 0.17024
	Epoch[29/50]: Training Loss = 0.14785
	Epoch[30/50]: Training Loss = 0.13246
	Epoch[31/50]: Training Loss = 0.13187
	Epoch[32/50]: Training Loss = 0.10878
	Epoch[33/50]: Training Loss = 0.10040
	Epoch[34/50]: Training Loss = 0.10422
	Epoch[35/50]: Training Loss = 0.10739
	Epoch[36/50]: Training Loss = 0.08494
	Epoch[37/50]: Training Loss = 0.08109
	Epoch[38/50]: Training Loss = 0.08407
	Epoch[39/50]: Training Loss = 0.07358
	Epoch[40/50]: Training Loss = 0.06565
	Epoch[41/50]: Training Loss = 0.05484
	Epoch[42/50]: Training Loss = 0.06156
	Epoch[43/50]: Training Loss = 0.05416
	Epoch[44/50]: Training Loss = 0.03922
	Epoch[45/50]: Training Loss = 0.04842
	Epoch[46/50]: Training Loss = 0.04438
	Epoch[47/50]: Training Loss = 0.04857
	Epoch[48/50]: Training Loss = 0.04171
	Epoch[49/50]: Training Loss = 0.03464
	Epoch[50/50]: Training Loss = 0.04317
***Training Complete***

Final Optimizer Parameters
	alpha : 1.0
	mu : 0.8999999761581421

***Testing Results***
==============================
Test Accuracy = 79.320 %
Test Error = 20.680 %
==============================

Plotted Lists:
Epochs: [0, 1, 2, 3, 4, 5, 6, 7, 8, 9, 10, 11, 12, 13, 14, 15, 16, 17, 18, 19, 20, 21, 22, 23, 24, 25, 26, 27, 28, 29, 30, 31, 32, 33, 34, 35, 36, 37, 38, 39, 40, 41, 42, 43, 44, 45, 46, 47, 48, 49, 50]
alpha: [1.0, 1.0, 1.0, 1.0, 1.0, 1.0, 1.0, 1.0, 1.0, 1.0, 1.0, 1.0, 1.0, 1.0, 1.0, 1.0, 1.0, 1.0, 1.0, 1.0, 1.0, 1.0, 1.0, 1.0, 1.0, 1.0, 1.0, 1.0, 1.0, 1.0, 1.0, 1.0, 1.0, 1.0, 1.0, 1.0, 1.0, 1.0, 1.0, 1.0, 1.0, 1.0, 1.0, 1.0, 1.0, 1.0, 1.0, 1.0, 1.0, 1.0, 1.0]
mu: [0.8999999761581421, 0.8999999761581421, 0.8999999761581421, 0.8999999761581421, 0.8999999761581421, 0.8999999761581421, 0.8999999761581421, 0.8999999761581421, 0.8999999761581421, 0.8999999761581421, 0.8999999761581421, 0.8999999761581421, 0.8999999761581421, 0.8999999761581421, 0.8999999761581421, 0.8999999761581421, 0.8999999761581421, 0.8999999761581421, 0.8999999761581421, 0.8999999761581421, 0.8999999761581421, 0.8999999761581421, 0.8999999761581421, 0.8999999761581421, 0.8999999761581421, 0.8999999761581421, 0.8999999761581421, 0.8999999761581421, 0.8999999761581421, 0.8999999761581421, 0.8999999761581421, 0.8999999761581421, 0.8999999761581421, 0.8999999761581421, 0.8999999761581421, 0.8999999761581421, 0.8999999761581421, 0.8999999761581421, 0.8999999761581421, 0.8999999761581421, 0.8999999761581421, 0.8999999761581421, 0.8999999761581421, 0.8999999761581421, 0.8999999761581421, 0.8999999761581421, 0.8999999761581421, 0.8999999761581421, 0.8999999761581421, 0.8999999761581421, 0.8999999761581421]
Loss: [2.5955910762023926, 2.3548875393676756, 2.0795055166244505, 1.7308954244995116, 1.5242223917770386, 1.3266344830322265, 1.1618293658828736, 1.0603322202682495, 0.9250914689254761, 0.8314082221603394, 0.7431792779159546, 0.6700797187805175, 0.6052411090278625, 0.5628927247428894, 0.5090140714836121, 0.4767275950050354, 0.43077646753311155, 0.39504251260757445, 0.36778359294891355, 0.35216182931900025, 0.31461219820022585, 0.30385619382858275, 0.26768556820869444, 0.24244784451007842, 0.22790272117137908, 0.20894562102794648, 0.18566667899131775, 0.1648937233352661, 0.17023541445732115, 0.14785293437480926, 0.13245649699687959, 0.13187374333620072, 0.10878335991859436, 0.10040059752941131, 0.10422294278144836, 0.1073871653175354, 0.08494136847496032, 0.08109117532730102, 0.08406927056312562, 0.07358345681190491, 0.06565084817886352, 0.05484311532974243, 0.06155766296863556, 0.05415617013812065, 0.03922008305311203, 0.04842070421695709, 0.04437617650270462, 0.048565981987714765, 0.041714489942789076, 0.03464154343366623, 0.04317433346986771]
