Args:
	model: CNN
	optimizer: SGD
	optimizer_args: {'mu': 0.99}
	hyperoptimizer: SGD
	hyperoptimizer_args: {}
	num_hyperoptimizers: 0
	loss_fn: CrossEntropyLoss
	dataset: CIFAR
	alpha: 1.0
	kappa: 0.0
	num_epochs: 50
	batch_size: 256
	baseline: False
	device: cuda
	Using 4 GPUs

***Beginning Training***
	Initial Train Loss: 2.5955910762023926
	Epoch[1/50]: Training Loss = 2.44491
	Epoch[2/50]: Training Loss = 2.40427
	Epoch[3/50]: Training Loss = 2.41685
	Epoch[4/50]: Training Loss = 2.39626
	Epoch[5/50]: Training Loss = 2.42090
	Epoch[6/50]: Training Loss = 2.38560
	Epoch[7/50]: Training Loss = 2.38823
	Epoch[8/50]: Training Loss = 2.42129
	Epoch[9/50]: Training Loss = 2.43323
	Epoch[10/50]: Training Loss = 2.38224
	Epoch[11/50]: Training Loss = 2.40015
	Epoch[12/50]: Training Loss = 2.40492
	Epoch[13/50]: Training Loss = 2.40208
	Epoch[14/50]: Training Loss = 2.39604
	Epoch[15/50]: Training Loss = 2.40847
	Epoch[16/50]: Training Loss = 2.42347
	Epoch[17/50]: Training Loss = 2.43174
	Epoch[18/50]: Training Loss = 2.39085
	Epoch[19/50]: Training Loss = 2.39497
	Epoch[20/50]: Training Loss = 2.37591
	Epoch[21/50]: Training Loss = 2.36826
	Epoch[22/50]: Training Loss = 2.36998
	Epoch[23/50]: Training Loss = 2.38669
	Epoch[24/50]: Training Loss = 2.39893
	Epoch[25/50]: Training Loss = 2.38246
	Epoch[26/50]: Training Loss = 2.38521
	Epoch[27/50]: Training Loss = 2.41920
	Epoch[28/50]: Training Loss = 2.42909
	Epoch[29/50]: Training Loss = 2.40699
	Epoch[30/50]: Training Loss = 2.39460
	Epoch[31/50]: Training Loss = 2.39542
	Epoch[32/50]: Training Loss = 2.37954
	Epoch[33/50]: Training Loss = 2.38641
	Epoch[34/50]: Training Loss = 2.38874
	Epoch[35/50]: Training Loss = 2.41278
	Epoch[36/50]: Training Loss = 2.37886
	Epoch[37/50]: Training Loss = 2.37975
	Epoch[38/50]: Training Loss = 2.37151
	Epoch[39/50]: Training Loss = 2.37348
	Epoch[40/50]: Training Loss = 2.38043
	Epoch[41/50]: Training Loss = 2.39503
	Epoch[42/50]: Training Loss = 2.37670
	Epoch[43/50]: Training Loss = 2.40581
	Epoch[44/50]: Training Loss = 2.39230
	Epoch[45/50]: Training Loss = 2.39984
	Epoch[46/50]: Training Loss = 2.41538
	Epoch[47/50]: Training Loss = 2.44727
	Epoch[48/50]: Training Loss = 2.44523
	Epoch[49/50]: Training Loss = 2.39720
	Epoch[50/50]: Training Loss = 2.39977
***Training Complete***

Final Optimizer Parameters
	alpha : 1.0
	mu : 0.9900000095367432

***Testing Results***
==============================
Test Accuracy = 9.970 %
Test Error = 90.030 %
==============================

Plotted Lists:
Epochs: [0, 1, 2, 3, 4, 5, 6, 7, 8, 9, 10, 11, 12, 13, 14, 15, 16, 17, 18, 19, 20, 21, 22, 23, 24, 25, 26, 27, 28, 29, 30, 31, 32, 33, 34, 35, 36, 37, 38, 39, 40, 41, 42, 43, 44, 45, 46, 47, 48, 49, 50]
alpha: [1.0, 1.0, 1.0, 1.0, 1.0, 1.0, 1.0, 1.0, 1.0, 1.0, 1.0, 1.0, 1.0, 1.0, 1.0, 1.0, 1.0, 1.0, 1.0, 1.0, 1.0, 1.0, 1.0, 1.0, 1.0, 1.0, 1.0, 1.0, 1.0, 1.0, 1.0, 1.0, 1.0, 1.0, 1.0, 1.0, 1.0, 1.0, 1.0, 1.0, 1.0, 1.0, 1.0, 1.0, 1.0, 1.0, 1.0, 1.0, 1.0, 1.0, 1.0]
mu: [0.9900000095367432, 0.9900000095367432, 0.9900000095367432, 0.9900000095367432, 0.9900000095367432, 0.9900000095367432, 0.9900000095367432, 0.9900000095367432, 0.9900000095367432, 0.9900000095367432, 0.9900000095367432, 0.9900000095367432, 0.9900000095367432, 0.9900000095367432, 0.9900000095367432, 0.9900000095367432, 0.9900000095367432, 0.9900000095367432, 0.9900000095367432, 0.9900000095367432, 0.9900000095367432, 0.9900000095367432, 0.9900000095367432, 0.9900000095367432, 0.9900000095367432, 0.9900000095367432, 0.9900000095367432, 0.9900000095367432, 0.9900000095367432, 0.9900000095367432, 0.9900000095367432, 0.9900000095367432, 0.9900000095367432, 0.9900000095367432, 0.9900000095367432, 0.9900000095367432, 0.9900000095367432, 0.9900000095367432, 0.9900000095367432, 0.9900000095367432, 0.9900000095367432, 0.9900000095367432, 0.9900000095367432, 0.9900000095367432, 0.9900000095367432, 0.9900000095367432, 0.9900000095367432, 0.9900000095367432, 0.9900000095367432, 0.9900000095367432, 0.9900000095367432]
Loss: [2.5955910762023926, 2.4449110578155517, 2.404274927978516, 2.416849591217041, 2.396257719192505, 2.420896014480591, 2.3856036478424074, 2.388228046798706, 2.4212873986816406, 2.433228847427368, 2.3822367440795897, 2.400150023651123, 2.4049239933776856, 2.4020810646057127, 2.396036502380371, 2.408466056213379, 2.4234653738403322, 2.4317357261657713, 2.3908500801086428, 2.3949673991394045, 2.3759123277282717, 2.368259973907471, 2.369981830291748, 2.386693548583984, 2.3989284184265136, 2.3824566194152834, 2.3852101167297364, 2.419202723693848, 2.429091463546753, 2.406994307937622, 2.394604407196045, 2.395422065963745, 2.379542902832031, 2.386409559249878, 2.388739062576294, 2.412775870513916, 2.378860058746338, 2.379752730331421, 2.371505576400757, 2.373480063934326, 2.3804338607025146, 2.395034632720947, 2.37670390296936, 2.4058071251678466, 2.3922956121826173, 2.3998365913391115, 2.4153770553588867, 2.447265196914673, 2.445233404541016, 2.3971990409088133, 2.3997745750427244]
